#! /usr/local/bin/vvp
:ivl_version "10.3 (stable)" "(v10_3-1-gea9b8408)";
:ivl_delay_selection "TYPICAL";
:vpi_time_precision + 0;
:vpi_module "system";
:vpi_module "vhdl_sys";
:vpi_module "v2005_math";
:vpi_module "va_math";
S_0x56014926c100 .scope module, "input_det" "input_det" 2 20;
 .timescale 0 0;
    .port_info 0 /INPUT 1 "clk"
    .port_info 1 /INPUT 1 "areset"
    .port_info 2 /INPUT 32 "my_ip"
    .port_info 3 /INPUT 1 "data_valid"
    .port_info 4 /INPUT 8 "data_rx"
    .port_info 5 /OUTPUT 1 "arp_send"
    .port_info 6 /OUTPUT 48 "source_mac"
    .port_info 7 /OUTPUT 32 "source_ip"
P_0x56014929b300 .param/l "ARP_DEST_ADDR" 0 2 44, C4<1011>;
P_0x56014929b340 .param/l "ARP_DEST_IP" 0 2 45, C4<1100>;
P_0x56014929b380 .param/l "ARP_FRAME_TYPE" 0 2 167, C4<0000100000000110>;
P_0x56014929b3c0 .param/l "ARP_OP" 0 2 41, C4<1000>;
P_0x56014929b400 .param/l "ARP_REQ_ADDR" 0 2 173, C4<000000000000000000000000000000000000000000000000>;
P_0x56014929b440 .param/l "ARP_SRC_ADDR" 0 2 42, C4<1001>;
P_0x56014929b480 .param/l "ARP_SRC_IP" 0 2 43, C4<1010>;
P_0x56014929b4c0 .param/l "BRDCAST_DEST_ADDR" 0 2 166, C4<000000000000000000000000000000001111111111111111>;
P_0x56014929b500 .param/l "END" 0 2 46, C4<1101>;
P_0x56014929b540 .param/l "ETH_DEST_ADDR" 0 2 34, C4<0001>;
P_0x56014929b580 .param/l "ETH_HW_LEN" 0 2 170, C4<00000110>;
P_0x56014929b5c0 .param/l "ETH_HW_TYPE" 0 2 168, C4<0000000000000001>;
P_0x56014929b600 .param/l "ETH_SRC_ADDR" 0 2 35, C4<0010>;
P_0x56014929b640 .param/l "FRAME_TYPE" 0 2 36, C4<0011>;
P_0x56014929b680 .param/l "HW_LEN" 0 2 39, C4<0110>;
P_0x56014929b6c0 .param/l "HW_TYPE" 0 2 37, C4<0100>;
P_0x56014929b700 .param/l "IDLE" 0 2 33, C4<0000>;
P_0x56014929b740 .param/l "IP_PROT_LEN" 0 2 171, C4<00000100>;
P_0x56014929b780 .param/l "IP_PROT_TYPE" 0 2 169, C4<0000100000000000>;
P_0x56014929b7c0 .param/l "PROT_LEN" 0 2 40, C4<0111>;
P_0x56014929b800 .param/l "PROT_TYPE" 0 2 38, C4<0101>;
P_0x56014929b840 .param/l "REQ_ARP_OP" 0 2 172, C4<0000000000000001>;
o0x7f57cec55018 .functor BUFZ 1, C4<z>; HiZ drive
v0x560149291620_0 .net "areset", 0 0, o0x7f57cec55018;  0 drivers
v0x5601492916c0_0 .var "arp_dest_addr", 47 0;
v0x5601492958a0_0 .var "arp_dest_ip", 31 0;
v0x560149295970_0 .var "arp_op", 15 0;
v0x5601492d0c00_0 .var "arp_send", 0 0;
v0x5601492d0d10_0 .var "arp_src_addr", 47 0;
v0x5601492d0df0_0 .var "arp_src_ip", 31 0;
v0x5601492d0ed0_0 .var "blk_cnt", 2 0;
o0x7f57cec55198 .functor BUFZ 1, C4<z>; HiZ drive
v0x5601492d0fb0_0 .net "clk", 0 0, o0x7f57cec55198;  0 drivers
o0x7f57cec551c8 .functor BUFZ 8, C4<zzzzzzzz>; HiZ drive
v0x5601492d1070_0 .net "data_rx", 7 0, o0x7f57cec551c8;  0 drivers
o0x7f57cec551f8 .functor BUFZ 1, C4<z>; HiZ drive
v0x5601492d1150_0 .net "data_valid", 0 0, o0x7f57cec551f8;  0 drivers
v0x5601492d1210_0 .var "eth_dest_addr", 47 0;
v0x5601492d12f0_0 .var "eth_src_addr", 47 0;
v0x5601492d13d0_0 .var "frame_type", 15 0;
v0x5601492d14b0_0 .var "hw_len", 7 0;
v0x5601492d1590_0 .var "hw_type", 15 0;
o0x7f57cec55318 .functor BUFZ 32, C4<zzzzzzzzzzzzzzzzzzzzzzzzzzzzzzzz>; HiZ drive
v0x5601492d1670_0 .net "my_ip", 31 0, o0x7f57cec55318;  0 drivers
v0x5601492d1860_0 .var "next_state", 3 0;
v0x5601492d1940_0 .var "prot_len", 7 0;
v0x5601492d1a20_0 .var "prot_type", 15 0;
v0x5601492d1b00_0 .var "source_ip", 31 0;
v0x5601492d1be0_0 .var "source_mac", 47 0;
v0x5601492d1cc0_0 .var "state", 3 0;
E_0x5601492a21d0 .event edge, v0x5601492d1cc0_0;
E_0x5601492a37b0/0 .event edge, v0x560149291620_0;
E_0x5601492a37b0/1 .event posedge, v0x5601492d0fb0_0;
E_0x5601492a37b0 .event/or E_0x5601492a37b0/0, E_0x5601492a37b0/1;
E_0x56014929a7d0 .event edge, v0x5601492d1150_0, v0x5601492d0ed0_0, v0x5601492d1cc0_0;
    .scope S_0x56014926c100;
T_0 ;
    %wait E_0x5601492a37b0;
    %load/vec4 v0x560149291620_0;
    %flag_set/vec4 8;
    %jmp/0xz  T_0.0, 8;
    %load/vec4 v0x5601492d1150_0;
    %flag_set/vec4 8;
    %jmp/0xz  T_0.2, 8;
    %pushi/vec4 13, 0, 4;
    %assign/vec4 v0x5601492d1cc0_0, 0;
    %jmp T_0.3;
T_0.2 ;
    %pushi/vec4 0, 0, 4;
    %assign/vec4 v0x5601492d1cc0_0, 0;
T_0.3 ;
    %jmp T_0.1;
T_0.0 ;
    %load/vec4 v0x5601492d1860_0;
    %assign/vec4 v0x5601492d1cc0_0, 0;
T_0.1 ;
    %jmp T_0;
    .thread T_0;
    .scope S_0x56014926c100;
T_1 ;
    %wait E_0x56014929a7d0;
    %load/vec4 v0x5601492d1cc0_0;
    %dup/vec4;
    %pushi/vec4 0, 0, 4;
    %cmp/u;
    %jmp/1 T_1.0, 6;
    %dup/vec4;
    %pushi/vec4 1, 0, 4;
    %cmp/u;
    %jmp/1 T_1.1, 6;
    %dup/vec4;
    %pushi/vec4 2, 0, 4;
    %cmp/u;
    %jmp/1 T_1.2, 6;
    %dup/vec4;
    %pushi/vec4 3, 0, 4;
    %cmp/u;
    %jmp/1 T_1.3, 6;
    %dup/vec4;
    %pushi/vec4 4, 0, 4;
    %cmp/u;
    %jmp/1 T_1.4, 6;
    %dup/vec4;
    %pushi/vec4 5, 0, 4;
    %cmp/u;
    %jmp/1 T_1.5, 6;
    %dup/vec4;
    %pushi/vec4 6, 0, 4;
    %cmp/u;
    %jmp/1 T_1.6, 6;
    %dup/vec4;
    %pushi/vec4 7, 0, 4;
    %cmp/u;
    %jmp/1 T_1.7, 6;
    %dup/vec4;
    %pushi/vec4 8, 0, 4;
    %cmp/u;
    %jmp/1 T_1.8, 6;
    %dup/vec4;
    %pushi/vec4 9, 0, 4;
    %cmp/u;
    %jmp/1 T_1.9, 6;
    %dup/vec4;
    %pushi/vec4 10, 0, 4;
    %cmp/u;
    %jmp/1 T_1.10, 6;
    %dup/vec4;
    %pushi/vec4 11, 0, 4;
    %cmp/u;
    %jmp/1 T_1.11, 6;
    %dup/vec4;
    %pushi/vec4 12, 0, 4;
    %cmp/u;
    %jmp/1 T_1.12, 6;
    %dup/vec4;
    %pushi/vec4 13, 0, 4;
    %cmp/u;
    %jmp/1 T_1.13, 6;
    %pushi/vec4 0, 0, 4;
    %assign/vec4 v0x5601492d1860_0, 0;
    %jmp T_1.15;
T_1.0 ;
    %load/vec4 v0x5601492d1150_0;
    %flag_set/vec4 8;
    %jmp/0xz  T_1.16, 8;
    %pushi/vec4 1, 0, 4;
    %assign/vec4 v0x5601492d1860_0, 0;
    %jmp T_1.17;
T_1.16 ;
    %pushi/vec4 0, 0, 4;
    %assign/vec4 v0x5601492d1860_0, 0;
T_1.17 ;
    %jmp T_1.15;
T_1.1 ;
    %load/vec4 v0x5601492d0ed0_0;
    %cmpi/e 5, 0, 3;
    %jmp/0xz  T_1.18, 4;
    %pushi/vec4 2, 0, 4;
    %assign/vec4 v0x5601492d1860_0, 0;
    %jmp T_1.19;
T_1.18 ;
    %pushi/vec4 1, 0, 4;
    %assign/vec4 v0x5601492d1860_0, 0;
T_1.19 ;
    %jmp T_1.15;
T_1.2 ;
    %load/vec4 v0x5601492d0ed0_0;
    %cmpi/e 5, 0, 3;
    %jmp/0xz  T_1.20, 4;
    %pushi/vec4 3, 0, 4;
    %assign/vec4 v0x5601492d1860_0, 0;
    %jmp T_1.21;
T_1.20 ;
    %pushi/vec4 2, 0, 4;
    %assign/vec4 v0x5601492d1860_0, 0;
T_1.21 ;
    %jmp T_1.15;
T_1.3 ;
    %load/vec4 v0x5601492d0ed0_0;
    %cmpi/e 1, 0, 3;
    %jmp/0xz  T_1.22, 4;
    %pushi/vec4 4, 0, 4;
    %assign/vec4 v0x5601492d1860_0, 0;
    %jmp T_1.23;
T_1.22 ;
    %pushi/vec4 3, 0, 4;
    %assign/vec4 v0x5601492d1860_0, 0;
T_1.23 ;
    %jmp T_1.15;
T_1.4 ;
    %load/vec4 v0x5601492d0ed0_0;
    %cmpi/e 1, 0, 3;
    %jmp/0xz  T_1.24, 4;
    %pushi/vec4 5, 0, 4;
    %assign/vec4 v0x5601492d1860_0, 0;
    %jmp T_1.25;
T_1.24 ;
    %pushi/vec4 4, 0, 4;
    %assign/vec4 v0x5601492d1860_0, 0;
T_1.25 ;
    %jmp T_1.15;
T_1.5 ;
    %load/vec4 v0x5601492d0ed0_0;
    %cmpi/e 1, 0, 3;
    %jmp/0xz  T_1.26, 4;
    %pushi/vec4 6, 0, 4;
    %assign/vec4 v0x5601492d1860_0, 0;
    %jmp T_1.27;
T_1.26 ;
    %pushi/vec4 5, 0, 4;
    %assign/vec4 v0x5601492d1860_0, 0;
T_1.27 ;
    %jmp T_1.15;
T_1.6 ;
    %pushi/vec4 6, 0, 4;
    %assign/vec4 v0x5601492d1860_0, 0;
    %jmp T_1.15;
T_1.7 ;
    %pushi/vec4 8, 0, 4;
    %assign/vec4 v0x5601492d1860_0, 0;
    %jmp T_1.15;
T_1.8 ;
    %load/vec4 v0x5601492d0ed0_0;
    %cmpi/e 1, 0, 3;
    %jmp/0xz  T_1.28, 4;
    %pushi/vec4 9, 0, 4;
    %assign/vec4 v0x5601492d1860_0, 0;
    %jmp T_1.29;
T_1.28 ;
    %pushi/vec4 8, 0, 4;
    %assign/vec4 v0x5601492d1860_0, 0;
T_1.29 ;
    %jmp T_1.15;
T_1.9 ;
    %load/vec4 v0x5601492d0ed0_0;
    %cmpi/e 5, 0, 3;
    %jmp/0xz  T_1.30, 4;
    %pushi/vec4 10, 0, 4;
    %assign/vec4 v0x5601492d1860_0, 0;
    %jmp T_1.31;
T_1.30 ;
    %pushi/vec4 9, 0, 4;
    %assign/vec4 v0x5601492d1860_0, 0;
T_1.31 ;
    %jmp T_1.15;
T_1.10 ;
    %load/vec4 v0x5601492d0ed0_0;
    %cmpi/e 3, 0, 3;
    %jmp/0xz  T_1.32, 4;
    %pushi/vec4 11, 0, 4;
    %assign/vec4 v0x5601492d1860_0, 0;
    %jmp T_1.33;
T_1.32 ;
    %pushi/vec4 10, 0, 4;
    %assign/vec4 v0x5601492d1860_0, 0;
T_1.33 ;
    %jmp T_1.15;
T_1.11 ;
    %load/vec4 v0x5601492d0ed0_0;
    %cmpi/e 5, 0, 3;
    %jmp/0xz  T_1.34, 4;
    %pushi/vec4 12, 0, 4;
    %assign/vec4 v0x5601492d1860_0, 0;
    %jmp T_1.35;
T_1.34 ;
    %pushi/vec4 11, 0, 4;
    %assign/vec4 v0x5601492d1860_0, 0;
T_1.35 ;
    %jmp T_1.15;
T_1.12 ;
    %load/vec4 v0x5601492d0ed0_0;
    %cmpi/e 3, 0, 3;
    %jmp/0xz  T_1.36, 4;
    %pushi/vec4 13, 0, 4;
    %assign/vec4 v0x5601492d1860_0, 0;
    %jmp T_1.37;
T_1.36 ;
    %pushi/vec4 12, 0, 4;
    %assign/vec4 v0x5601492d1860_0, 0;
T_1.37 ;
    %jmp T_1.15;
T_1.13 ;
    %load/vec4 v0x5601492d1150_0;
    %nor/r;
    %flag_set/vec4 8;
    %jmp/0xz  T_1.38, 8;
    %pushi/vec4 0, 0, 4;
    %assign/vec4 v0x5601492d1860_0, 0;
    %jmp T_1.39;
T_1.38 ;
    %pushi/vec4 13, 0, 4;
    %assign/vec4 v0x5601492d1860_0, 0;
T_1.39 ;
    %jmp T_1.15;
T_1.15 ;
    %pop/vec4 1;
    %jmp T_1;
    .thread T_1, $push;
    .scope S_0x56014926c100;
T_2 ;
    %wait E_0x5601492a37b0;
    %load/vec4 v0x560149291620_0;
    %flag_set/vec4 8;
    %jmp/0xz  T_2.0, 8;
    %pushi/vec4 0, 0, 3;
    %assign/vec4 v0x5601492d0ed0_0, 0;
    %jmp T_2.1;
T_2.0 ;
    %load/vec4 v0x5601492d1cc0_0;
    %load/vec4 v0x5601492d1860_0;
    %cmp/e;
    %jmp/0xz  T_2.2, 4;
    %load/vec4 v0x5601492d0ed0_0;
    %addi 1, 0, 3;
    %assign/vec4 v0x5601492d0ed0_0, 0;
    %jmp T_2.3;
T_2.2 ;
    %load/vec4 v0x5601492d0ed0_0;
    %assign/vec4 v0x5601492d0ed0_0, 0;
T_2.3 ;
T_2.1 ;
    %jmp T_2;
    .thread T_2;
    .scope S_0x56014926c100;
T_3 ;
    %wait E_0x5601492a37b0;
    %load/vec4 v0x560149291620_0;
    %flag_set/vec4 8;
    %jmp/0xz  T_3.0, 8;
    %pushi/vec4 0, 0, 48;
    %assign/vec4 v0x5601492d1210_0, 0;
    %pushi/vec4 0, 0, 48;
    %assign/vec4 v0x5601492d12f0_0, 0;
    %pushi/vec4 0, 0, 16;
    %assign/vec4 v0x5601492d13d0_0, 0;
    %pushi/vec4 0, 0, 16;
    %assign/vec4 v0x5601492d1590_0, 0;
    %pushi/vec4 0, 0, 16;
    %assign/vec4 v0x5601492d1a20_0, 0;
    %pushi/vec4 0, 0, 8;
    %assign/vec4 v0x5601492d14b0_0, 0;
    %pushi/vec4 0, 0, 8;
    %assign/vec4 v0x5601492d1940_0, 0;
    %pushi/vec4 0, 0, 16;
    %assign/vec4 v0x560149295970_0, 0;
    %pushi/vec4 0, 0, 48;
    %assign/vec4 v0x5601492d0d10_0, 0;
    %pushi/vec4 0, 0, 32;
    %assign/vec4 v0x5601492d0df0_0, 0;
    %pushi/vec4 0, 0, 48;
    %assign/vec4 v0x5601492916c0_0, 0;
    %pushi/vec4 0, 0, 32;
    %assign/vec4 v0x5601492958a0_0, 0;
    %jmp T_3.1;
T_3.0 ;
    %load/vec4 v0x5601492d1cc0_0;
    %dup/vec4;
    %pushi/vec4 1, 0, 4;
    %cmp/u;
    %jmp/1 T_3.2, 6;
    %dup/vec4;
    %pushi/vec4 2, 0, 4;
    %cmp/u;
    %jmp/1 T_3.3, 6;
    %dup/vec4;
    %pushi/vec4 3, 0, 4;
    %cmp/u;
    %jmp/1 T_3.4, 6;
    %dup/vec4;
    %pushi/vec4 4, 0, 4;
    %cmp/u;
    %jmp/1 T_3.5, 6;
    %dup/vec4;
    %pushi/vec4 5, 0, 4;
    %cmp/u;
    %jmp/1 T_3.6, 6;
    %dup/vec4;
    %pushi/vec4 6, 0, 4;
    %cmp/u;
    %jmp/1 T_3.7, 6;
    %dup/vec4;
    %pushi/vec4 7, 0, 4;
    %cmp/u;
    %jmp/1 T_3.8, 6;
    %dup/vec4;
    %pushi/vec4 8, 0, 4;
    %cmp/u;
    %jmp/1 T_3.9, 6;
    %dup/vec4;
    %pushi/vec4 9, 0, 4;
    %cmp/u;
    %jmp/1 T_3.10, 6;
    %dup/vec4;
    %pushi/vec4 10, 0, 4;
    %cmp/u;
    %jmp/1 T_3.11, 6;
    %dup/vec4;
    %pushi/vec4 11, 0, 4;
    %cmp/u;
    %jmp/1 T_3.12, 6;
    %dup/vec4;
    %pushi/vec4 12, 0, 4;
    %cmp/u;
    %jmp/1 T_3.13, 6;
    %jmp T_3.14;
T_3.2 ;
    %load/vec4 v0x5601492d1210_0;
    %parti/s 40, 0, 2;
    %load/vec4 v0x5601492d1070_0;
    %concat/vec4; draw_concat_vec4
    %assign/vec4 v0x5601492d1210_0, 0;
    %jmp T_3.14;
T_3.3 ;
    %load/vec4 v0x5601492d12f0_0;
    %parti/s 40, 0, 2;
    %load/vec4 v0x5601492d1070_0;
    %concat/vec4; draw_concat_vec4
    %assign/vec4 v0x5601492d12f0_0, 0;
    %jmp T_3.14;
T_3.4 ;
    %load/vec4 v0x5601492d13d0_0;
    %parti/s 8, 0, 2;
    %load/vec4 v0x5601492d1070_0;
    %concat/vec4; draw_concat_vec4
    %assign/vec4 v0x5601492d13d0_0, 0;
    %jmp T_3.14;
T_3.5 ;
    %load/vec4 v0x5601492d1590_0;
    %parti/s 8, 0, 2;
    %load/vec4 v0x5601492d1070_0;
    %concat/vec4; draw_concat_vec4
    %assign/vec4 v0x5601492d1590_0, 0;
    %jmp T_3.14;
T_3.6 ;
    %load/vec4 v0x5601492d1a20_0;
    %parti/s 8, 0, 2;
    %load/vec4 v0x5601492d1070_0;
    %concat/vec4; draw_concat_vec4
    %assign/vec4 v0x5601492d1a20_0, 0;
    %jmp T_3.14;
T_3.7 ;
    %load/vec4 v0x5601492d1070_0;
    %assign/vec4 v0x5601492d14b0_0, 0;
    %jmp T_3.14;
T_3.8 ;
    %load/vec4 v0x5601492d1070_0;
    %assign/vec4 v0x5601492d1940_0, 0;
    %jmp T_3.14;
T_3.9 ;
    %load/vec4 v0x560149295970_0;
    %parti/s 8, 0, 2;
    %load/vec4 v0x5601492d1070_0;
    %concat/vec4; draw_concat_vec4
    %assign/vec4 v0x560149295970_0, 0;
    %jmp T_3.14;
T_3.10 ;
    %load/vec4 v0x5601492d0d10_0;
    %parti/s 40, 0, 2;
    %load/vec4 v0x5601492d1070_0;
    %concat/vec4; draw_concat_vec4
    %assign/vec4 v0x5601492d0d10_0, 0;
    %jmp T_3.14;
T_3.11 ;
    %load/vec4 v0x5601492d0df0_0;
    %parti/s 24, 0, 2;
    %load/vec4 v0x5601492d1070_0;
    %concat/vec4; draw_concat_vec4
    %assign/vec4 v0x5601492d0df0_0, 0;
    %jmp T_3.14;
T_3.12 ;
    %load/vec4 v0x5601492916c0_0;
    %parti/s 40, 0, 2;
    %load/vec4 v0x5601492d1070_0;
    %concat/vec4; draw_concat_vec4
    %assign/vec4 v0x5601492916c0_0, 0;
    %jmp T_3.14;
T_3.13 ;
    %load/vec4 v0x5601492958a0_0;
    %parti/s 24, 0, 2;
    %load/vec4 v0x5601492d1070_0;
    %concat/vec4; draw_concat_vec4
    %assign/vec4 v0x5601492958a0_0, 0;
    %jmp T_3.14;
T_3.14 ;
    %pop/vec4 1;
T_3.1 ;
    %jmp T_3;
    .thread T_3;
    .scope S_0x56014926c100;
T_4 ;
    %wait E_0x5601492a21d0;
    %load/vec4 v0x5601492d1cc0_0;
    %pushi/vec4 13, 0, 4;
    %cmp/e;
    %flag_get/vec4 4;
    %load/vec4 v0x5601492d1210_0;
    %pushi/vec4 65535, 0, 48;
    %cmp/e;
    %flag_get/vec4 4;
    %and;
    %load/vec4 v0x5601492d13d0_0;
    %pushi/vec4 2054, 0, 16;
    %cmp/e;
    %flag_get/vec4 4;
    %and;
    %load/vec4 v0x5601492d1590_0;
    %pushi/vec4 1, 0, 16;
    %cmp/e;
    %flag_get/vec4 4;
    %and;
    %load/vec4 v0x5601492d1a20_0;
    %pushi/vec4 2048, 0, 16;
    %cmp/e;
    %flag_get/vec4 4;
    %and;
    %load/vec4 v0x5601492d14b0_0;
    %pushi/vec4 6, 0, 8;
    %cmp/e;
    %flag_get/vec4 4;
    %and;
    %load/vec4 v0x5601492d1940_0;
    %pushi/vec4 4, 0, 8;
    %cmp/e;
    %flag_get/vec4 4;
    %and;
    %load/vec4 v0x560149295970_0;
    %pushi/vec4 1, 0, 16;
    %cmp/e;
    %flag_get/vec4 4;
    %and;
    %load/vec4 v0x5601492916c0_0;
    %pushi/vec4 0, 0, 48;
    %cmp/e;
    %flag_get/vec4 4;
    %and;
    %load/vec4 v0x5601492958a0_0;
    %load/vec4 v0x5601492d1670_0;
    %cmp/e;
    %flag_get/vec4 4;
    %and;
    %flag_set/vec4 8;
    %jmp/0xz  T_4.0, 8;
    %pushi/vec4 1, 0, 1;
    %assign/vec4 v0x5601492d0c00_0, 0;
    %load/vec4 v0x5601492d0d10_0;
    %assign/vec4 v0x5601492d1be0_0, 0;
    %load/vec4 v0x5601492d0df0_0;
    %assign/vec4 v0x5601492d1b00_0, 0;
    %jmp T_4.1;
T_4.0 ;
    %pushi/vec4 0, 0, 1;
    %assign/vec4 v0x5601492d0c00_0, 0;
    %pushi/vec4 0, 0, 48;
    %assign/vec4 v0x5601492d1be0_0, 0;
    %pushi/vec4 0, 0, 32;
    %assign/vec4 v0x5601492d1b00_0, 0;
T_4.1 ;
    %jmp T_4;
    .thread T_4, $push;
# The file index is used to find the file name in the following table.
:file_names 3;
    "N/A";
    "<interactive>";
    "input_det.v";
