#! /usr/local/bin/vvp
:ivl_version "10.3 (stable)" "(v10_3-1-gea9b8408)";
:ivl_delay_selection "TYPICAL";
:vpi_time_precision - 12;
:vpi_module "system";
:vpi_module "vhdl_sys";
:vpi_module "v2005_math";
:vpi_module "va_math";
:vpi_module "v2009";
S_0x557dd509c190 .scope module, "arp_response_block_tb" "arp_response_block_tb" 2 20;
 .timescale -9 -12;
P_0x557dd507b860 .param/l "arp_request_block" 0 2 50, C4<111111111111111111111111111111111111111111111111000000000000000101000010000000000101111101101000000010000000011000000000000000010000100000000000000001100000010000000000000000010000000000000001010000100000000001011111011010001100000010101000000000010000000100000000000000000000000000000000000000000000000011000000101010000000000100000010>;
v0x557dd50dc100_0 .var "ARESET", 0 0;
v0x557dd50dc1c0_0 .var "CLK_RX", 0 0;
v0x557dd50dc280_0 .var "CLK_TX", 0 0;
v0x557dd50dc350_0 .var "DATA_ACK_TX", 0 0;
v0x557dd50dc3f0_0 .var "DATA_RX", 7 0;
v0x557dd50dc530_0 .net "DATA_TX", 7 0, v0x557dd50daaa0_0;  1 drivers
v0x557dd50dc620_0 .var "DATA_VALID_RX", 0 0;
v0x557dd50dc6c0_0 .net "DATA_VALID_TX", 0 0, v0x557dd50dab90_0;  1 drivers
v0x557dd50dc7b0_0 .var "MY_IPV4", 31 0;
v0x557dd50dc870_0 .var "MY_MAC", 47 0;
S_0x557dd504c2b0 .scope begin, "$ivl_for_loop0" "$ivl_for_loop0" 2 147, 2 147 0, S_0x557dd509c190;
 .timescale -9 -12;
v0x557dd50b3be0_0 .var/2s "i", 31 0;
S_0x557dd50d79e0 .scope module, "arb0" "arp_response_block" 2 35, 3 20 0, S_0x557dd509c190;
 .timescale 0 0;
    .port_info 0 /INPUT 1 "ARESET"
    .port_info 1 /INPUT 48 "MY_MAC"
    .port_info 2 /INPUT 32 "MY_IPV4"
    .port_info 3 /INPUT 1 "CLK_RX"
    .port_info 4 /INPUT 1 "DATA_VALID_RX"
    .port_info 5 /INPUT 8 "DATA_RX"
    .port_info 6 /INPUT 1 "CLK_TX"
    .port_info 7 /OUTPUT 1 "DATA_VALID_TX"
    .port_info 8 /OUTPUT 8 "DATA_TX"
    .port_info 9 /INPUT 1 "DATA_ACK_TX"
v0x557dd50db2e0_0 .net "ARESET", 0 0, v0x557dd50dc100_0;  1 drivers
v0x557dd50db3a0_0 .net "CLK_RX", 0 0, v0x557dd50dc1c0_0;  1 drivers
v0x557dd50db4b0_0 .net "CLK_TX", 0 0, v0x557dd50dc280_0;  1 drivers
v0x557dd50db5a0_0 .net "DATA_ACK_TX", 0 0, v0x557dd50dc350_0;  1 drivers
v0x557dd50db690_0 .net "DATA_RX", 7 0, v0x557dd50dc3f0_0;  1 drivers
v0x557dd50db780_0 .net "DATA_TX", 7 0, v0x557dd50daaa0_0;  alias, 1 drivers
v0x557dd50db820_0 .net "DATA_VALID_RX", 0 0, v0x557dd50dc620_0;  1 drivers
v0x557dd50db910_0 .net "DATA_VALID_TX", 0 0, v0x557dd50dab90_0;  alias, 1 drivers
v0x557dd50db9b0_0 .net "MY_IPV4", 31 0, v0x557dd50dc7b0_0;  1 drivers
v0x557dd50dba50_0 .net "MY_MAC", 47 0, v0x557dd50dc870_0;  1 drivers
v0x557dd50dbaf0_0 .var "arp_send", 0 0;
v0x557dd50dbbe0_0 .net "arp_send_read", 0 0, v0x557dd50d8970_0;  1 drivers
v0x557dd50dbc80_0 .var "sending", 0 0;
v0x557dd50dbd20_0 .var "source_ip", 31 0;
v0x557dd50dbdc0_0 .net "source_ip_read", 31 0, v0x557dd50d9660_0;  1 drivers
v0x557dd50dbe60_0 .var "source_mac", 47 0;
v0x557dd50dbf30_0 .net "source_mac_read", 47 0, v0x557dd50d9740_0;  1 drivers
E_0x557dd5097820/0 .event edge, v0x557dd50ae250_0;
E_0x557dd5097820/1 .event posedge, v0x557dd50da290_0;
E_0x557dd5097820 .event/or E_0x557dd5097820/0, E_0x557dd5097820/1;
E_0x557dd5096ee0 .event posedge, v0x557dd50ae250_0, v0x557dd50b2380_0;
S_0x557dd50d7d10 .scope module, "in0" "input_det" 3 83, 4 22 0, S_0x557dd50d79e0;
 .timescale 0 0;
    .port_info 0 /INPUT 1 "clk"
    .port_info 1 /INPUT 1 "areset"
    .port_info 2 /INPUT 32 "my_ip"
    .port_info 3 /INPUT 1 "data_valid"
    .port_info 4 /INPUT 8 "data_rx"
    .port_info 5 /OUTPUT 1 "arp_send"
    .port_info 6 /OUTPUT 48 "source_mac"
    .port_info 7 /OUTPUT 32 "source_ip"
v0x557dd50d8650_0 .net "areset", 0 0, v0x557dd50dc100_0;  alias, 1 drivers
v0x557dd50d8710_0 .var "arp_dest_addr", 47 0;
v0x557dd50d87d0_0 .var "arp_dest_ip", 31 0;
v0x557dd50d8890_0 .var "arp_op", 15 0;
v0x557dd50d8970_0 .var "arp_send", 0 0;
v0x557dd50d8a80_0 .var "arp_src_addr", 47 0;
v0x557dd50d8b60_0 .var "arp_src_ip", 31 0;
v0x557dd50d8c40_0 .net "blk_cnt", 2 0, v0x557dd50b22e0_0;  1 drivers
v0x557dd50d8d00_0 .net "clk", 0 0, v0x557dd50dc1c0_0;  alias, 1 drivers
v0x557dd50d8da0_0 .net "data_rx", 7 0, v0x557dd50dc3f0_0;  alias, 1 drivers
v0x557dd50d8e40_0 .net "data_valid", 0 0, v0x557dd50dc620_0;  alias, 1 drivers
v0x557dd50d8ee0_0 .var "eth_dest_addr", 47 0;
v0x557dd50d8fa0_0 .var "eth_src_addr", 47 0;
v0x557dd50d9080_0 .var "frame_type", 15 0;
v0x557dd50d9160_0 .var "hw_len", 7 0;
v0x557dd50d9240_0 .var "hw_type", 15 0;
v0x557dd50d9320_0 .net "my_ip", 31 0, v0x557dd50dc7b0_0;  alias, 1 drivers
v0x557dd50d9400_0 .net "next_state", 3 0, v0x557dd506dae0_0;  1 drivers
v0x557dd50d94c0_0 .var "prot_len", 7 0;
v0x557dd50d9580_0 .var "prot_type", 15 0;
v0x557dd50d9660_0 .var "source_ip", 31 0;
v0x557dd50d9740_0 .var "source_mac", 47 0;
v0x557dd50d9820_0 .var "state", 3 0;
E_0x557dd5097640 .event edge, v0x557dd50d8450_0;
E_0x557dd5096bf0 .event edge, v0x557dd50ae250_0, v0x557dd50b22e0_0, v0x557dd50d8450_0;
S_0x557dd50d7fb0 .scope module, "bns" "blk_next_state" 4 62, 5 22 0, S_0x557dd50d7d10;
 .timescale 0 0;
    .port_info 0 /INPUT 1 "clk"
    .port_info 1 /INPUT 1 "areset"
    .port_info 2 /INPUT 4 "state"
    .port_info 3 /INPUT 1 "start"
    .port_info 4 /INPUT 1 "ack"
    .port_info 5 /OUTPUT 3 "blk_cnt"
    .port_info 6 /OUTPUT 4 "next_state"
L_0x7fb5f0320018 .functor BUFT 1, C4<1>, C4<0>, C4<0>, C4<0>;
v0x557dd50ae180_0 .net "ack", 0 0, L_0x7fb5f0320018;  1 drivers
v0x557dd50ae250_0 .net "areset", 0 0, v0x557dd50dc100_0;  alias, 1 drivers
v0x557dd50b22e0_0 .var "blk_cnt", 2 0;
v0x557dd50b2380_0 .net "clk", 0 0, v0x557dd50dc1c0_0;  alias, 1 drivers
v0x557dd506dae0_0 .var "next_state", 3 0;
v0x557dd506dbb0_0 .net "start", 0 0, v0x557dd50dc620_0;  alias, 1 drivers
v0x557dd50d8450_0 .net "state", 3 0, v0x557dd50d9820_0;  1 drivers
E_0x557dd50b93c0/0 .event edge, v0x557dd50ae250_0;
E_0x557dd50b93c0/1 .event posedge, v0x557dd50b2380_0;
E_0x557dd50b93c0 .event/or E_0x557dd50b93c0/0, E_0x557dd50b93c0/1;
E_0x557dd50d8290 .event edge, v0x557dd506dbb0_0, v0x557dd50b22e0_0, v0x557dd50d8450_0, v0x557dd50ae250_0;
S_0x557dd50d99f0 .scope module, "out0" "output_MAC" 3 95, 6 22 0, S_0x557dd50d79e0;
 .timescale 0 0;
    .port_info 0 /INPUT 1 "clk"
    .port_info 1 /INPUT 1 "areset"
    .port_info 2 /OUTPUT 1 "data_valid"
    .port_info 3 /OUTPUT 8 "data_tx"
    .port_info 4 /INPUT 1 "data_ack_tx"
    .port_info 5 /INPUT 1 "send_mac"
    .port_info 6 /INPUT 48 "source_mac"
    .port_info 7 /INPUT 32 "source_ip"
    .port_info 8 /INPUT 48 "my_mac"
    .port_info 9 /INPUT 32 "my_ip"
o0x7fb5f03697c8 .functor BUFZ 1, C4<z>; HiZ drive
v0x557dd50da740_0 .net "areset", 0 0, o0x7fb5f03697c8;  0 drivers
v0x557dd50da800_0 .net "blk_cnt", 2 0, v0x557dd50da1a0_0;  1 drivers
v0x557dd50da8d0_0 .net "clk", 0 0, v0x557dd50dc280_0;  alias, 1 drivers
v0x557dd50da9d0_0 .net "data_ack_tx", 0 0, v0x557dd50dc350_0;  alias, 1 drivers
v0x557dd50daaa0_0 .var "data_tx", 7 0;
v0x557dd50dab90_0 .var "data_valid", 0 0;
v0x557dd50dac30_0 .net "my_ip", 31 0, v0x557dd50dc7b0_0;  alias, 1 drivers
v0x557dd50dacd0_0 .net "my_mac", 47 0, v0x557dd50dc870_0;  alias, 1 drivers
v0x557dd50dad90_0 .net "next_state", 3 0, v0x557dd50da350_0;  1 drivers
v0x557dd50dae80_0 .net "send_mac", 0 0, v0x557dd50dbaf0_0;  1 drivers
v0x557dd50daf50_0 .net "source_ip", 31 0, v0x557dd50dbd20_0;  1 drivers
v0x557dd50daff0_0 .net "source_mac", 47 0, v0x557dd50dbe60_0;  1 drivers
v0x557dd50db0d0_0 .var "state", 3 0;
S_0x557dd50d9c90 .scope module, "bns" "blk_next_state" 6 42, 5 22 0, S_0x557dd50d99f0;
 .timescale 0 0;
    .port_info 0 /INPUT 1 "clk"
    .port_info 1 /INPUT 1 "areset"
    .port_info 2 /INPUT 4 "state"
    .port_info 3 /INPUT 1 "start"
    .port_info 4 /INPUT 1 "ack"
    .port_info 5 /OUTPUT 3 "blk_cnt"
    .port_info 6 /OUTPUT 4 "next_state"
v0x557dd50da000_0 .net "ack", 0 0, v0x557dd50dc350_0;  alias, 1 drivers
v0x557dd50da0e0_0 .net "areset", 0 0, o0x7fb5f03697c8;  alias, 0 drivers
v0x557dd50da1a0_0 .var "blk_cnt", 2 0;
v0x557dd50da290_0 .net "clk", 0 0, v0x557dd50dc280_0;  alias, 1 drivers
v0x557dd50da350_0 .var "next_state", 3 0;
v0x557dd50da480_0 .net "start", 0 0, v0x557dd50dbaf0_0;  alias, 1 drivers
v0x557dd50da540_0 .net "state", 3 0, v0x557dd50db0d0_0;  1 drivers
E_0x557dd50d9f10/0 .event edge, v0x557dd50da0e0_0;
E_0x557dd50d9f10/1 .event posedge, v0x557dd50da290_0;
E_0x557dd50d9f10 .event/or E_0x557dd50d9f10/0, E_0x557dd50d9f10/1;
E_0x557dd50d9f90 .event edge, v0x557dd50da480_0, v0x557dd50da1a0_0, v0x557dd50da540_0, v0x557dd50da0e0_0;
    .scope S_0x557dd50d7fb0;
T_0 ;
    %wait E_0x557dd50d8290;
    %load/vec4 v0x557dd50ae250_0;
    %flag_set/vec4 8;
    %jmp/0xz  T_0.0, 8;
    %pushi/vec4 0, 0, 4;
    %assign/vec4 v0x557dd506dae0_0, 0;
    %jmp T_0.1;
T_0.0 ;
    %load/vec4 v0x557dd50d8450_0;
    %dup/vec4;
    %pushi/vec4 0, 0, 4;
    %cmp/u;
    %jmp/1 T_0.2, 6;
    %dup/vec4;
    %pushi/vec4 1, 0, 4;
    %cmp/u;
    %jmp/1 T_0.3, 6;
    %dup/vec4;
    %pushi/vec4 2, 0, 4;
    %cmp/u;
    %jmp/1 T_0.4, 6;
    %dup/vec4;
    %pushi/vec4 3, 0, 4;
    %cmp/u;
    %jmp/1 T_0.5, 6;
    %dup/vec4;
    %pushi/vec4 4, 0, 4;
    %cmp/u;
    %jmp/1 T_0.6, 6;
    %dup/vec4;
    %pushi/vec4 5, 0, 4;
    %cmp/u;
    %jmp/1 T_0.7, 6;
    %dup/vec4;
    %pushi/vec4 6, 0, 4;
    %cmp/u;
    %jmp/1 T_0.8, 6;
    %dup/vec4;
    %pushi/vec4 7, 0, 4;
    %cmp/u;
    %jmp/1 T_0.9, 6;
    %dup/vec4;
    %pushi/vec4 8, 0, 4;
    %cmp/u;
    %jmp/1 T_0.10, 6;
    %dup/vec4;
    %pushi/vec4 9, 0, 4;
    %cmp/u;
    %jmp/1 T_0.11, 6;
    %dup/vec4;
    %pushi/vec4 10, 0, 4;
    %cmp/u;
    %jmp/1 T_0.12, 6;
    %dup/vec4;
    %pushi/vec4 11, 0, 4;
    %cmp/u;
    %jmp/1 T_0.13, 6;
    %dup/vec4;
    %pushi/vec4 12, 0, 4;
    %cmp/u;
    %jmp/1 T_0.14, 6;
    %dup/vec4;
    %pushi/vec4 13, 0, 4;
    %cmp/u;
    %jmp/1 T_0.15, 6;
    %pushi/vec4 0, 0, 4;
    %assign/vec4 v0x557dd506dae0_0, 0;
    %jmp T_0.17;
T_0.2 ;
    %load/vec4 v0x557dd506dbb0_0;
    %flag_set/vec4 8;
    %jmp/0xz  T_0.18, 8;
    %pushi/vec4 1, 0, 4;
    %assign/vec4 v0x557dd506dae0_0, 0;
    %jmp T_0.19;
T_0.18 ;
    %pushi/vec4 0, 0, 4;
    %assign/vec4 v0x557dd506dae0_0, 0;
T_0.19 ;
    %jmp T_0.17;
T_0.3 ;
    %load/vec4 v0x557dd50b22e0_0;
    %cmpi/e 5, 0, 3;
    %jmp/0xz  T_0.20, 4;
    %pushi/vec4 2, 0, 4;
    %assign/vec4 v0x557dd506dae0_0, 0;
    %jmp T_0.21;
T_0.20 ;
    %pushi/vec4 1, 0, 4;
    %assign/vec4 v0x557dd506dae0_0, 0;
T_0.21 ;
    %jmp T_0.17;
T_0.4 ;
    %load/vec4 v0x557dd50b22e0_0;
    %cmpi/e 5, 0, 3;
    %jmp/0xz  T_0.22, 4;
    %pushi/vec4 3, 0, 4;
    %assign/vec4 v0x557dd506dae0_0, 0;
    %jmp T_0.23;
T_0.22 ;
    %pushi/vec4 2, 0, 4;
    %assign/vec4 v0x557dd506dae0_0, 0;
T_0.23 ;
    %jmp T_0.17;
T_0.5 ;
    %load/vec4 v0x557dd50b22e0_0;
    %cmpi/e 1, 0, 3;
    %jmp/0xz  T_0.24, 4;
    %pushi/vec4 4, 0, 4;
    %assign/vec4 v0x557dd506dae0_0, 0;
    %jmp T_0.25;
T_0.24 ;
    %pushi/vec4 3, 0, 4;
    %assign/vec4 v0x557dd506dae0_0, 0;
T_0.25 ;
    %jmp T_0.17;
T_0.6 ;
    %load/vec4 v0x557dd50b22e0_0;
    %cmpi/e 1, 0, 3;
    %jmp/0xz  T_0.26, 4;
    %pushi/vec4 5, 0, 4;
    %assign/vec4 v0x557dd506dae0_0, 0;
    %jmp T_0.27;
T_0.26 ;
    %pushi/vec4 4, 0, 4;
    %assign/vec4 v0x557dd506dae0_0, 0;
T_0.27 ;
    %jmp T_0.17;
T_0.7 ;
    %load/vec4 v0x557dd50b22e0_0;
    %cmpi/e 1, 0, 3;
    %jmp/0xz  T_0.28, 4;
    %pushi/vec4 6, 0, 4;
    %assign/vec4 v0x557dd506dae0_0, 0;
    %jmp T_0.29;
T_0.28 ;
    %pushi/vec4 5, 0, 4;
    %assign/vec4 v0x557dd506dae0_0, 0;
T_0.29 ;
    %jmp T_0.17;
T_0.8 ;
    %pushi/vec4 7, 0, 4;
    %assign/vec4 v0x557dd506dae0_0, 0;
    %jmp T_0.17;
T_0.9 ;
    %pushi/vec4 8, 0, 4;
    %assign/vec4 v0x557dd506dae0_0, 0;
    %jmp T_0.17;
T_0.10 ;
    %load/vec4 v0x557dd50b22e0_0;
    %cmpi/e 1, 0, 3;
    %jmp/0xz  T_0.30, 4;
    %pushi/vec4 9, 0, 4;
    %assign/vec4 v0x557dd506dae0_0, 0;
    %jmp T_0.31;
T_0.30 ;
    %pushi/vec4 8, 0, 4;
    %assign/vec4 v0x557dd506dae0_0, 0;
T_0.31 ;
    %jmp T_0.17;
T_0.11 ;
    %load/vec4 v0x557dd50b22e0_0;
    %cmpi/e 5, 0, 3;
    %jmp/0xz  T_0.32, 4;
    %pushi/vec4 10, 0, 4;
    %assign/vec4 v0x557dd506dae0_0, 0;
    %jmp T_0.33;
T_0.32 ;
    %pushi/vec4 9, 0, 4;
    %assign/vec4 v0x557dd506dae0_0, 0;
T_0.33 ;
    %jmp T_0.17;
T_0.12 ;
    %load/vec4 v0x557dd50b22e0_0;
    %cmpi/e 3, 0, 3;
    %jmp/0xz  T_0.34, 4;
    %pushi/vec4 11, 0, 4;
    %assign/vec4 v0x557dd506dae0_0, 0;
    %jmp T_0.35;
T_0.34 ;
    %pushi/vec4 10, 0, 4;
    %assign/vec4 v0x557dd506dae0_0, 0;
T_0.35 ;
    %jmp T_0.17;
T_0.13 ;
    %load/vec4 v0x557dd50b22e0_0;
    %cmpi/e 5, 0, 3;
    %jmp/0xz  T_0.36, 4;
    %pushi/vec4 12, 0, 4;
    %assign/vec4 v0x557dd506dae0_0, 0;
    %jmp T_0.37;
T_0.36 ;
    %pushi/vec4 11, 0, 4;
    %assign/vec4 v0x557dd506dae0_0, 0;
T_0.37 ;
    %jmp T_0.17;
T_0.14 ;
    %load/vec4 v0x557dd50b22e0_0;
    %cmpi/e 3, 0, 3;
    %jmp/0xz  T_0.38, 4;
    %pushi/vec4 13, 0, 4;
    %assign/vec4 v0x557dd506dae0_0, 0;
    %jmp T_0.39;
T_0.38 ;
    %pushi/vec4 12, 0, 4;
    %assign/vec4 v0x557dd506dae0_0, 0;
T_0.39 ;
    %jmp T_0.17;
T_0.15 ;
    %load/vec4 v0x557dd506dbb0_0;
    %nor/r;
    %flag_set/vec4 8;
    %jmp/0xz  T_0.40, 8;
    %pushi/vec4 0, 0, 4;
    %assign/vec4 v0x557dd506dae0_0, 0;
    %jmp T_0.41;
T_0.40 ;
    %pushi/vec4 13, 0, 4;
    %assign/vec4 v0x557dd506dae0_0, 0;
T_0.41 ;
    %jmp T_0.17;
T_0.17 ;
    %pop/vec4 1;
T_0.1 ;
    %jmp T_0;
    .thread T_0, $push;
    .scope S_0x557dd50d7fb0;
T_1 ;
    %wait E_0x557dd50b93c0;
    %load/vec4 v0x557dd50ae250_0;
    %flag_set/vec4 8;
    %jmp/0xz  T_1.0, 8;
    %pushi/vec4 0, 0, 3;
    %assign/vec4 v0x557dd50b22e0_0, 0;
    %jmp T_1.1;
T_1.0 ;
    %load/vec4 v0x557dd50d8450_0;
    %pushi/vec4 1, 0, 4;
    %cmp/e;
    %flag_get/vec4 4;
    %load/vec4 v0x557dd50b22e0_0;
    %pad/u 32;
    %pushi/vec4 0, 0, 32;
    %cmp/e;
    %flag_get/vec4 4;
    %and;
    %flag_set/vec4 8;
    %jmp/0xz  T_1.2, 8;
    %load/vec4 v0x557dd50ae180_0;
    %flag_set/vec4 8;
    %jmp/0xz  T_1.4, 8;
    %load/vec4 v0x557dd50b22e0_0;
    %addi 1, 0, 3;
    %assign/vec4 v0x557dd50b22e0_0, 0;
    %jmp T_1.5;
T_1.4 ;
    %pushi/vec4 0, 0, 3;
    %assign/vec4 v0x557dd50b22e0_0, 0;
T_1.5 ;
    %jmp T_1.3;
T_1.2 ;
    %load/vec4 v0x557dd50d8450_0;
    %cmpi/e 0, 0, 4;
    %flag_mov 8, 4;
    %load/vec4 v0x557dd50d8450_0;
    %cmpi/e 13, 0, 4;
    %flag_or 4, 8;
    %jmp/0xz  T_1.6, 4;
    %pushi/vec4 0, 0, 3;
    %assign/vec4 v0x557dd50b22e0_0, 0;
    %jmp T_1.7;
T_1.6 ;
    %load/vec4 v0x557dd50d8450_0;
    %load/vec4 v0x557dd506dae0_0;
    %cmp/e;
    %jmp/0xz  T_1.8, 4;
    %load/vec4 v0x557dd50b22e0_0;
    %addi 1, 0, 3;
    %assign/vec4 v0x557dd50b22e0_0, 0;
    %jmp T_1.9;
T_1.8 ;
    %pushi/vec4 0, 0, 3;
    %assign/vec4 v0x557dd50b22e0_0, 0;
T_1.9 ;
T_1.7 ;
T_1.3 ;
T_1.1 ;
    %jmp T_1;
    .thread T_1;
    .scope S_0x557dd50d7d10;
T_2 ;
    %wait E_0x557dd50b93c0;
    %load/vec4 v0x557dd50d8650_0;
    %flag_set/vec4 8;
    %jmp/0xz  T_2.0, 8;
    %load/vec4 v0x557dd50d8e40_0;
    %flag_set/vec4 8;
    %jmp/0xz  T_2.2, 8;
    %pushi/vec4 13, 0, 4;
    %assign/vec4 v0x557dd50d9820_0, 0;
    %jmp T_2.3;
T_2.2 ;
    %pushi/vec4 0, 0, 4;
    %assign/vec4 v0x557dd50d9820_0, 0;
T_2.3 ;
    %jmp T_2.1;
T_2.0 ;
    %load/vec4 v0x557dd50d9400_0;
    %assign/vec4 v0x557dd50d9820_0, 0;
T_2.1 ;
    %jmp T_2;
    .thread T_2;
    .scope S_0x557dd50d7d10;
T_3 ;
    %wait E_0x557dd5096bf0;
    %load/vec4 v0x557dd50d8650_0;
    %flag_set/vec4 8;
    %jmp/0xz  T_3.0, 8;
    %pushi/vec4 0, 0, 48;
    %assign/vec4 v0x557dd50d8ee0_0, 0;
    %pushi/vec4 0, 0, 48;
    %assign/vec4 v0x557dd50d8fa0_0, 0;
    %pushi/vec4 0, 0, 16;
    %assign/vec4 v0x557dd50d9080_0, 0;
    %pushi/vec4 0, 0, 16;
    %assign/vec4 v0x557dd50d9240_0, 0;
    %pushi/vec4 0, 0, 16;
    %assign/vec4 v0x557dd50d9580_0, 0;
    %pushi/vec4 0, 0, 8;
    %assign/vec4 v0x557dd50d9160_0, 0;
    %pushi/vec4 0, 0, 8;
    %assign/vec4 v0x557dd50d94c0_0, 0;
    %pushi/vec4 0, 0, 16;
    %assign/vec4 v0x557dd50d8890_0, 0;
    %pushi/vec4 0, 0, 48;
    %assign/vec4 v0x557dd50d8a80_0, 0;
    %pushi/vec4 0, 0, 32;
    %assign/vec4 v0x557dd50d8b60_0, 0;
    %pushi/vec4 0, 0, 48;
    %assign/vec4 v0x557dd50d8710_0, 0;
    %pushi/vec4 0, 0, 32;
    %assign/vec4 v0x557dd50d87d0_0, 0;
    %jmp T_3.1;
T_3.0 ;
    %load/vec4 v0x557dd50d9820_0;
    %dup/vec4;
    %pushi/vec4 1, 0, 4;
    %cmp/u;
    %jmp/1 T_3.2, 6;
    %dup/vec4;
    %pushi/vec4 2, 0, 4;
    %cmp/u;
    %jmp/1 T_3.3, 6;
    %dup/vec4;
    %pushi/vec4 3, 0, 4;
    %cmp/u;
    %jmp/1 T_3.4, 6;
    %dup/vec4;
    %pushi/vec4 4, 0, 4;
    %cmp/u;
    %jmp/1 T_3.5, 6;
    %dup/vec4;
    %pushi/vec4 5, 0, 4;
    %cmp/u;
    %jmp/1 T_3.6, 6;
    %dup/vec4;
    %pushi/vec4 6, 0, 4;
    %cmp/u;
    %jmp/1 T_3.7, 6;
    %dup/vec4;
    %pushi/vec4 7, 0, 4;
    %cmp/u;
    %jmp/1 T_3.8, 6;
    %dup/vec4;
    %pushi/vec4 8, 0, 4;
    %cmp/u;
    %jmp/1 T_3.9, 6;
    %dup/vec4;
    %pushi/vec4 9, 0, 4;
    %cmp/u;
    %jmp/1 T_3.10, 6;
    %dup/vec4;
    %pushi/vec4 10, 0, 4;
    %cmp/u;
    %jmp/1 T_3.11, 6;
    %dup/vec4;
    %pushi/vec4 11, 0, 4;
    %cmp/u;
    %jmp/1 T_3.12, 6;
    %dup/vec4;
    %pushi/vec4 12, 0, 4;
    %cmp/u;
    %jmp/1 T_3.13, 6;
    %dup/vec4;
    %pushi/vec4 13, 0, 4;
    %cmp/u;
    %jmp/1 T_3.14, 6;
    %pushi/vec4 0, 0, 48;
    %assign/vec4 v0x557dd50d8ee0_0, 0;
    %pushi/vec4 0, 0, 48;
    %assign/vec4 v0x557dd50d8fa0_0, 0;
    %pushi/vec4 0, 0, 16;
    %assign/vec4 v0x557dd50d9080_0, 0;
    %pushi/vec4 0, 0, 16;
    %assign/vec4 v0x557dd50d9240_0, 0;
    %pushi/vec4 0, 0, 16;
    %assign/vec4 v0x557dd50d9580_0, 0;
    %pushi/vec4 0, 0, 8;
    %assign/vec4 v0x557dd50d9160_0, 0;
    %pushi/vec4 0, 0, 8;
    %assign/vec4 v0x557dd50d94c0_0, 0;
    %pushi/vec4 0, 0, 16;
    %assign/vec4 v0x557dd50d8890_0, 0;
    %pushi/vec4 0, 0, 48;
    %assign/vec4 v0x557dd50d8a80_0, 0;
    %pushi/vec4 0, 0, 32;
    %assign/vec4 v0x557dd50d8b60_0, 0;
    %pushi/vec4 0, 0, 48;
    %assign/vec4 v0x557dd50d8710_0, 0;
    %pushi/vec4 0, 0, 32;
    %assign/vec4 v0x557dd50d87d0_0, 0;
    %jmp T_3.16;
T_3.2 ;
    %load/vec4 v0x557dd50d8ee0_0;
    %parti/s 40, 0, 2;
    %load/vec4 v0x557dd50d8da0_0;
    %concat/vec4; draw_concat_vec4
    %assign/vec4 v0x557dd50d8ee0_0, 0;
    %jmp T_3.16;
T_3.3 ;
    %load/vec4 v0x557dd50d8fa0_0;
    %parti/s 40, 0, 2;
    %load/vec4 v0x557dd50d8da0_0;
    %concat/vec4; draw_concat_vec4
    %assign/vec4 v0x557dd50d8fa0_0, 0;
    %jmp T_3.16;
T_3.4 ;
    %load/vec4 v0x557dd50d9080_0;
    %parti/s 8, 0, 2;
    %load/vec4 v0x557dd50d8da0_0;
    %concat/vec4; draw_concat_vec4
    %assign/vec4 v0x557dd50d9080_0, 0;
    %jmp T_3.16;
T_3.5 ;
    %load/vec4 v0x557dd50d9240_0;
    %parti/s 8, 0, 2;
    %load/vec4 v0x557dd50d8da0_0;
    %concat/vec4; draw_concat_vec4
    %assign/vec4 v0x557dd50d9240_0, 0;
    %jmp T_3.16;
T_3.6 ;
    %load/vec4 v0x557dd50d9580_0;
    %parti/s 8, 0, 2;
    %load/vec4 v0x557dd50d8da0_0;
    %concat/vec4; draw_concat_vec4
    %assign/vec4 v0x557dd50d9580_0, 0;
    %jmp T_3.16;
T_3.7 ;
    %load/vec4 v0x557dd50d8da0_0;
    %assign/vec4 v0x557dd50d9160_0, 0;
    %jmp T_3.16;
T_3.8 ;
    %load/vec4 v0x557dd50d8da0_0;
    %assign/vec4 v0x557dd50d94c0_0, 0;
    %jmp T_3.16;
T_3.9 ;
    %load/vec4 v0x557dd50d8890_0;
    %parti/s 8, 0, 2;
    %load/vec4 v0x557dd50d8da0_0;
    %concat/vec4; draw_concat_vec4
    %assign/vec4 v0x557dd50d8890_0, 0;
    %jmp T_3.16;
T_3.10 ;
    %load/vec4 v0x557dd50d8a80_0;
    %parti/s 40, 0, 2;
    %load/vec4 v0x557dd50d8da0_0;
    %concat/vec4; draw_concat_vec4
    %assign/vec4 v0x557dd50d8a80_0, 0;
    %jmp T_3.16;
T_3.11 ;
    %load/vec4 v0x557dd50d8b60_0;
    %parti/s 24, 0, 2;
    %load/vec4 v0x557dd50d8da0_0;
    %concat/vec4; draw_concat_vec4
    %assign/vec4 v0x557dd50d8b60_0, 0;
    %jmp T_3.16;
T_3.12 ;
    %load/vec4 v0x557dd50d8710_0;
    %parti/s 40, 0, 2;
    %load/vec4 v0x557dd50d8da0_0;
    %concat/vec4; draw_concat_vec4
    %assign/vec4 v0x557dd50d8710_0, 0;
    %jmp T_3.16;
T_3.13 ;
    %load/vec4 v0x557dd50d87d0_0;
    %parti/s 24, 0, 2;
    %load/vec4 v0x557dd50d8da0_0;
    %concat/vec4; draw_concat_vec4
    %assign/vec4 v0x557dd50d87d0_0, 0;
    %jmp T_3.16;
T_3.14 ;
    %load/vec4 v0x557dd50d8ee0_0;
    %assign/vec4 v0x557dd50d8ee0_0, 0;
    %load/vec4 v0x557dd50d8fa0_0;
    %assign/vec4 v0x557dd50d8fa0_0, 0;
    %load/vec4 v0x557dd50d9080_0;
    %assign/vec4 v0x557dd50d9080_0, 0;
    %load/vec4 v0x557dd50d9240_0;
    %assign/vec4 v0x557dd50d9240_0, 0;
    %load/vec4 v0x557dd50d9580_0;
    %assign/vec4 v0x557dd50d9580_0, 0;
    %load/vec4 v0x557dd50d9160_0;
    %assign/vec4 v0x557dd50d9160_0, 0;
    %load/vec4 v0x557dd50d94c0_0;
    %assign/vec4 v0x557dd50d94c0_0, 0;
    %load/vec4 v0x557dd50d8890_0;
    %assign/vec4 v0x557dd50d8890_0, 0;
    %load/vec4 v0x557dd50d8a80_0;
    %assign/vec4 v0x557dd50d8a80_0, 0;
    %load/vec4 v0x557dd50d8b60_0;
    %assign/vec4 v0x557dd50d8b60_0, 0;
    %load/vec4 v0x557dd50d8710_0;
    %assign/vec4 v0x557dd50d8710_0, 0;
    %load/vec4 v0x557dd50d87d0_0;
    %assign/vec4 v0x557dd50d87d0_0, 0;
    %jmp T_3.16;
T_3.16 ;
    %pop/vec4 1;
T_3.1 ;
    %jmp T_3;
    .thread T_3, $push;
    .scope S_0x557dd50d7d10;
T_4 ;
    %wait E_0x557dd5097640;
    %load/vec4 v0x557dd50d9820_0;
    %pushi/vec4 13, 0, 4;
    %cmp/e;
    %flag_get/vec4 4;
    %load/vec4 v0x557dd50d8ee0_0;
    %pushi/vec4 4294967295, 0, 32;
    %concati/vec4 65535, 0, 16;
    %cmp/e;
    %flag_get/vec4 4;
    %and;
    %load/vec4 v0x557dd50d9080_0;
    %pushi/vec4 2054, 0, 16;
    %cmp/e;
    %flag_get/vec4 4;
    %and;
    %load/vec4 v0x557dd50d9240_0;
    %pushi/vec4 1, 0, 16;
    %cmp/e;
    %flag_get/vec4 4;
    %and;
    %load/vec4 v0x557dd50d9580_0;
    %pushi/vec4 2048, 0, 16;
    %cmp/e;
    %flag_get/vec4 4;
    %and;
    %load/vec4 v0x557dd50d9160_0;
    %pushi/vec4 6, 0, 8;
    %cmp/e;
    %flag_get/vec4 4;
    %and;
    %load/vec4 v0x557dd50d94c0_0;
    %pushi/vec4 4, 0, 8;
    %cmp/e;
    %flag_get/vec4 4;
    %and;
    %load/vec4 v0x557dd50d8890_0;
    %pushi/vec4 1, 0, 16;
    %cmp/e;
    %flag_get/vec4 4;
    %and;
    %load/vec4 v0x557dd50d8710_0;
    %pushi/vec4 0, 0, 48;
    %cmp/e;
    %flag_get/vec4 4;
    %and;
    %load/vec4 v0x557dd50d87d0_0;
    %load/vec4 v0x557dd50d9320_0;
    %cmp/e;
    %flag_get/vec4 4;
    %and;
    %flag_set/vec4 8;
    %jmp/0xz  T_4.0, 8;
    %pushi/vec4 1, 0, 1;
    %assign/vec4 v0x557dd50d8970_0, 0;
    %load/vec4 v0x557dd50d8a80_0;
    %assign/vec4 v0x557dd50d9740_0, 0;
    %load/vec4 v0x557dd50d8b60_0;
    %assign/vec4 v0x557dd50d9660_0, 0;
    %jmp T_4.1;
T_4.0 ;
    %pushi/vec4 0, 0, 1;
    %assign/vec4 v0x557dd50d8970_0, 0;
    %pushi/vec4 0, 0, 48;
    %assign/vec4 v0x557dd50d9740_0, 0;
    %pushi/vec4 0, 0, 32;
    %assign/vec4 v0x557dd50d9660_0, 0;
T_4.1 ;
    %jmp T_4;
    .thread T_4, $push;
    .scope S_0x557dd50d9c90;
T_5 ;
    %wait E_0x557dd50d9f90;
    %load/vec4 v0x557dd50da0e0_0;
    %flag_set/vec4 8;
    %jmp/0xz  T_5.0, 8;
    %pushi/vec4 0, 0, 4;
    %assign/vec4 v0x557dd50da350_0, 0;
    %jmp T_5.1;
T_5.0 ;
    %load/vec4 v0x557dd50da540_0;
    %dup/vec4;
    %pushi/vec4 0, 0, 4;
    %cmp/u;
    %jmp/1 T_5.2, 6;
    %dup/vec4;
    %pushi/vec4 1, 0, 4;
    %cmp/u;
    %jmp/1 T_5.3, 6;
    %dup/vec4;
    %pushi/vec4 2, 0, 4;
    %cmp/u;
    %jmp/1 T_5.4, 6;
    %dup/vec4;
    %pushi/vec4 3, 0, 4;
    %cmp/u;
    %jmp/1 T_5.5, 6;
    %dup/vec4;
    %pushi/vec4 4, 0, 4;
    %cmp/u;
    %jmp/1 T_5.6, 6;
    %dup/vec4;
    %pushi/vec4 5, 0, 4;
    %cmp/u;
    %jmp/1 T_5.7, 6;
    %dup/vec4;
    %pushi/vec4 6, 0, 4;
    %cmp/u;
    %jmp/1 T_5.8, 6;
    %dup/vec4;
    %pushi/vec4 7, 0, 4;
    %cmp/u;
    %jmp/1 T_5.9, 6;
    %dup/vec4;
    %pushi/vec4 8, 0, 4;
    %cmp/u;
    %jmp/1 T_5.10, 6;
    %dup/vec4;
    %pushi/vec4 9, 0, 4;
    %cmp/u;
    %jmp/1 T_5.11, 6;
    %dup/vec4;
    %pushi/vec4 10, 0, 4;
    %cmp/u;
    %jmp/1 T_5.12, 6;
    %dup/vec4;
    %pushi/vec4 11, 0, 4;
    %cmp/u;
    %jmp/1 T_5.13, 6;
    %dup/vec4;
    %pushi/vec4 12, 0, 4;
    %cmp/u;
    %jmp/1 T_5.14, 6;
    %dup/vec4;
    %pushi/vec4 13, 0, 4;
    %cmp/u;
    %jmp/1 T_5.15, 6;
    %pushi/vec4 0, 0, 4;
    %assign/vec4 v0x557dd50da350_0, 0;
    %jmp T_5.17;
T_5.2 ;
    %load/vec4 v0x557dd50da480_0;
    %flag_set/vec4 8;
    %jmp/0xz  T_5.18, 8;
    %pushi/vec4 1, 0, 4;
    %assign/vec4 v0x557dd50da350_0, 0;
    %jmp T_5.19;
T_5.18 ;
    %pushi/vec4 0, 0, 4;
    %assign/vec4 v0x557dd50da350_0, 0;
T_5.19 ;
    %jmp T_5.17;
T_5.3 ;
    %load/vec4 v0x557dd50da1a0_0;
    %cmpi/e 5, 0, 3;
    %jmp/0xz  T_5.20, 4;
    %pushi/vec4 2, 0, 4;
    %assign/vec4 v0x557dd50da350_0, 0;
    %jmp T_5.21;
T_5.20 ;
    %pushi/vec4 1, 0, 4;
    %assign/vec4 v0x557dd50da350_0, 0;
T_5.21 ;
    %jmp T_5.17;
T_5.4 ;
    %load/vec4 v0x557dd50da1a0_0;
    %cmpi/e 5, 0, 3;
    %jmp/0xz  T_5.22, 4;
    %pushi/vec4 3, 0, 4;
    %assign/vec4 v0x557dd50da350_0, 0;
    %jmp T_5.23;
T_5.22 ;
    %pushi/vec4 2, 0, 4;
    %assign/vec4 v0x557dd50da350_0, 0;
T_5.23 ;
    %jmp T_5.17;
T_5.5 ;
    %load/vec4 v0x557dd50da1a0_0;
    %cmpi/e 1, 0, 3;
    %jmp/0xz  T_5.24, 4;
    %pushi/vec4 4, 0, 4;
    %assign/vec4 v0x557dd50da350_0, 0;
    %jmp T_5.25;
T_5.24 ;
    %pushi/vec4 3, 0, 4;
    %assign/vec4 v0x557dd50da350_0, 0;
T_5.25 ;
    %jmp T_5.17;
T_5.6 ;
    %load/vec4 v0x557dd50da1a0_0;
    %cmpi/e 1, 0, 3;
    %jmp/0xz  T_5.26, 4;
    %pushi/vec4 5, 0, 4;
    %assign/vec4 v0x557dd50da350_0, 0;
    %jmp T_5.27;
T_5.26 ;
    %pushi/vec4 4, 0, 4;
    %assign/vec4 v0x557dd50da350_0, 0;
T_5.27 ;
    %jmp T_5.17;
T_5.7 ;
    %load/vec4 v0x557dd50da1a0_0;
    %cmpi/e 1, 0, 3;
    %jmp/0xz  T_5.28, 4;
    %pushi/vec4 6, 0, 4;
    %assign/vec4 v0x557dd50da350_0, 0;
    %jmp T_5.29;
T_5.28 ;
    %pushi/vec4 5, 0, 4;
    %assign/vec4 v0x557dd50da350_0, 0;
T_5.29 ;
    %jmp T_5.17;
T_5.8 ;
    %pushi/vec4 7, 0, 4;
    %assign/vec4 v0x557dd50da350_0, 0;
    %jmp T_5.17;
T_5.9 ;
    %pushi/vec4 8, 0, 4;
    %assign/vec4 v0x557dd50da350_0, 0;
    %jmp T_5.17;
T_5.10 ;
    %load/vec4 v0x557dd50da1a0_0;
    %cmpi/e 1, 0, 3;
    %jmp/0xz  T_5.30, 4;
    %pushi/vec4 9, 0, 4;
    %assign/vec4 v0x557dd50da350_0, 0;
    %jmp T_5.31;
T_5.30 ;
    %pushi/vec4 8, 0, 4;
    %assign/vec4 v0x557dd50da350_0, 0;
T_5.31 ;
    %jmp T_5.17;
T_5.11 ;
    %load/vec4 v0x557dd50da1a0_0;
    %cmpi/e 5, 0, 3;
    %jmp/0xz  T_5.32, 4;
    %pushi/vec4 10, 0, 4;
    %assign/vec4 v0x557dd50da350_0, 0;
    %jmp T_5.33;
T_5.32 ;
    %pushi/vec4 9, 0, 4;
    %assign/vec4 v0x557dd50da350_0, 0;
T_5.33 ;
    %jmp T_5.17;
T_5.12 ;
    %load/vec4 v0x557dd50da1a0_0;
    %cmpi/e 3, 0, 3;
    %jmp/0xz  T_5.34, 4;
    %pushi/vec4 11, 0, 4;
    %assign/vec4 v0x557dd50da350_0, 0;
    %jmp T_5.35;
T_5.34 ;
    %pushi/vec4 10, 0, 4;
    %assign/vec4 v0x557dd50da350_0, 0;
T_5.35 ;
    %jmp T_5.17;
T_5.13 ;
    %load/vec4 v0x557dd50da1a0_0;
    %cmpi/e 5, 0, 3;
    %jmp/0xz  T_5.36, 4;
    %pushi/vec4 12, 0, 4;
    %assign/vec4 v0x557dd50da350_0, 0;
    %jmp T_5.37;
T_5.36 ;
    %pushi/vec4 11, 0, 4;
    %assign/vec4 v0x557dd50da350_0, 0;
T_5.37 ;
    %jmp T_5.17;
T_5.14 ;
    %load/vec4 v0x557dd50da1a0_0;
    %cmpi/e 3, 0, 3;
    %jmp/0xz  T_5.38, 4;
    %pushi/vec4 13, 0, 4;
    %assign/vec4 v0x557dd50da350_0, 0;
    %jmp T_5.39;
T_5.38 ;
    %pushi/vec4 12, 0, 4;
    %assign/vec4 v0x557dd50da350_0, 0;
T_5.39 ;
    %jmp T_5.17;
T_5.15 ;
    %load/vec4 v0x557dd50da480_0;
    %nor/r;
    %flag_set/vec4 8;
    %jmp/0xz  T_5.40, 8;
    %pushi/vec4 0, 0, 4;
    %assign/vec4 v0x557dd50da350_0, 0;
    %jmp T_5.41;
T_5.40 ;
    %pushi/vec4 13, 0, 4;
    %assign/vec4 v0x557dd50da350_0, 0;
T_5.41 ;
    %jmp T_5.17;
T_5.17 ;
    %pop/vec4 1;
T_5.1 ;
    %jmp T_5;
    .thread T_5, $push;
    .scope S_0x557dd50d9c90;
T_6 ;
    %wait E_0x557dd50d9f10;
    %load/vec4 v0x557dd50da0e0_0;
    %flag_set/vec4 8;
    %jmp/0xz  T_6.0, 8;
    %pushi/vec4 0, 0, 3;
    %assign/vec4 v0x557dd50da1a0_0, 0;
    %jmp T_6.1;
T_6.0 ;
    %load/vec4 v0x557dd50da540_0;
    %pushi/vec4 1, 0, 4;
    %cmp/e;
    %flag_get/vec4 4;
    %load/vec4 v0x557dd50da1a0_0;
    %pad/u 32;
    %pushi/vec4 0, 0, 32;
    %cmp/e;
    %flag_get/vec4 4;
    %and;
    %flag_set/vec4 8;
    %jmp/0xz  T_6.2, 8;
    %load/vec4 v0x557dd50da000_0;
    %flag_set/vec4 8;
    %jmp/0xz  T_6.4, 8;
    %load/vec4 v0x557dd50da1a0_0;
    %addi 1, 0, 3;
    %assign/vec4 v0x557dd50da1a0_0, 0;
    %jmp T_6.5;
T_6.4 ;
    %pushi/vec4 0, 0, 3;
    %assign/vec4 v0x557dd50da1a0_0, 0;
T_6.5 ;
    %jmp T_6.3;
T_6.2 ;
    %load/vec4 v0x557dd50da540_0;
    %cmpi/e 0, 0, 4;
    %flag_mov 8, 4;
    %load/vec4 v0x557dd50da540_0;
    %cmpi/e 13, 0, 4;
    %flag_or 4, 8;
    %jmp/0xz  T_6.6, 4;
    %pushi/vec4 0, 0, 3;
    %assign/vec4 v0x557dd50da1a0_0, 0;
    %jmp T_6.7;
T_6.6 ;
    %load/vec4 v0x557dd50da540_0;
    %load/vec4 v0x557dd50da350_0;
    %cmp/e;
    %jmp/0xz  T_6.8, 4;
    %load/vec4 v0x557dd50da1a0_0;
    %addi 1, 0, 3;
    %assign/vec4 v0x557dd50da1a0_0, 0;
    %jmp T_6.9;
T_6.8 ;
    %pushi/vec4 0, 0, 3;
    %assign/vec4 v0x557dd50da1a0_0, 0;
T_6.9 ;
T_6.7 ;
T_6.3 ;
T_6.1 ;
    %jmp T_6;
    .thread T_6;
    .scope S_0x557dd50d99f0;
T_7 ;
    %wait E_0x557dd50d9f10;
    %load/vec4 v0x557dd50da740_0;
    %flag_set/vec4 8;
    %jmp/0xz  T_7.0, 8;
    %pushi/vec4 0, 0, 4;
    %assign/vec4 v0x557dd50db0d0_0, 0;
    %jmp T_7.1;
T_7.0 ;
    %load/vec4 v0x557dd50dad90_0;
    %assign/vec4 v0x557dd50db0d0_0, 0;
T_7.1 ;
    %jmp T_7;
    .thread T_7;
    .scope S_0x557dd50d99f0;
T_8 ;
    %wait E_0x557dd50d9f10;
    %load/vec4 v0x557dd50da740_0;
    %flag_set/vec4 8;
    %jmp/0xz  T_8.0, 8;
    %pushi/vec4 0, 0, 1;
    %assign/vec4 v0x557dd50dab90_0, 0;
    %pushi/vec4 0, 0, 8;
    %assign/vec4 v0x557dd50daaa0_0, 0;
    %jmp T_8.1;
T_8.0 ;
    %load/vec4 v0x557dd50db0d0_0;
    %cmpi/e 0, 0, 4;
    %flag_mov 8, 4;
    %load/vec4 v0x557dd50db0d0_0;
    %cmpi/e 13, 0, 4;
    %flag_or 4, 8;
    %jmp/0xz  T_8.2, 4;
    %pushi/vec4 0, 0, 1;
    %assign/vec4 v0x557dd50dab90_0, 0;
    %jmp T_8.3;
T_8.2 ;
    %pushi/vec4 1, 0, 1;
    %assign/vec4 v0x557dd50dab90_0, 0;
T_8.3 ;
    %load/vec4 v0x557dd50db0d0_0;
    %dup/vec4;
    %pushi/vec4 1, 0, 4;
    %cmp/u;
    %jmp/1 T_8.4, 6;
    %dup/vec4;
    %pushi/vec4 2, 0, 4;
    %cmp/u;
    %jmp/1 T_8.5, 6;
    %dup/vec4;
    %pushi/vec4 3, 0, 4;
    %cmp/u;
    %jmp/1 T_8.6, 6;
    %dup/vec4;
    %pushi/vec4 4, 0, 4;
    %cmp/u;
    %jmp/1 T_8.7, 6;
    %dup/vec4;
    %pushi/vec4 5, 0, 4;
    %cmp/u;
    %jmp/1 T_8.8, 6;
    %dup/vec4;
    %pushi/vec4 6, 0, 4;
    %cmp/u;
    %jmp/1 T_8.9, 6;
    %dup/vec4;
    %pushi/vec4 7, 0, 4;
    %cmp/u;
    %jmp/1 T_8.10, 6;
    %dup/vec4;
    %pushi/vec4 8, 0, 4;
    %cmp/u;
    %jmp/1 T_8.11, 6;
    %dup/vec4;
    %pushi/vec4 9, 0, 4;
    %cmp/u;
    %jmp/1 T_8.12, 6;
    %dup/vec4;
    %pushi/vec4 10, 0, 4;
    %cmp/u;
    %jmp/1 T_8.13, 6;
    %dup/vec4;
    %pushi/vec4 11, 0, 4;
    %cmp/u;
    %jmp/1 T_8.14, 6;
    %dup/vec4;
    %pushi/vec4 12, 0, 4;
    %cmp/u;
    %jmp/1 T_8.15, 6;
    %pushi/vec4 0, 0, 8;
    %assign/vec4 v0x557dd50daaa0_0, 0;
    %jmp T_8.17;
T_8.4 ;
    %load/vec4 v0x557dd50daff0_0;
    %pushi/vec4 5, 0, 32;
    %load/vec4 v0x557dd50da800_0;
    %pad/u 32;
    %sub;
    %muli 8, 0, 32;
    %ix/vec4 4;
    %shiftr 4;
    %pad/u 8;
    %assign/vec4 v0x557dd50daaa0_0, 0;
    %jmp T_8.17;
T_8.5 ;
    %load/vec4 v0x557dd50dacd0_0;
    %pushi/vec4 5, 0, 32;
    %load/vec4 v0x557dd50da800_0;
    %pad/u 32;
    %sub;
    %muli 8, 0, 32;
    %ix/vec4 4;
    %shiftr 4;
    %pad/u 8;
    %assign/vec4 v0x557dd50daaa0_0, 0;
    %jmp T_8.17;
T_8.6 ;
    %pushi/vec4 2054, 0, 16;
    %pushi/vec4 1, 0, 32;
    %load/vec4 v0x557dd50da800_0;
    %pad/u 32;
    %sub;
    %muli 8, 0, 32;
    %ix/vec4 4;
    %shiftr 4;
    %pad/u 8;
    %assign/vec4 v0x557dd50daaa0_0, 0;
    %jmp T_8.17;
T_8.7 ;
    %pushi/vec4 1, 0, 16;
    %pushi/vec4 1, 0, 32;
    %load/vec4 v0x557dd50da800_0;
    %pad/u 32;
    %sub;
    %muli 8, 0, 32;
    %ix/vec4 4;
    %shiftr 4;
    %pad/u 8;
    %assign/vec4 v0x557dd50daaa0_0, 0;
    %jmp T_8.17;
T_8.8 ;
    %pushi/vec4 2048, 0, 16;
    %pushi/vec4 1, 0, 32;
    %load/vec4 v0x557dd50da800_0;
    %pad/u 32;
    %sub;
    %muli 8, 0, 32;
    %ix/vec4 4;
    %shiftr 4;
    %pad/u 8;
    %assign/vec4 v0x557dd50daaa0_0, 0;
    %jmp T_8.17;
T_8.9 ;
    %pushi/vec4 6, 0, 8;
    %load/vec4 v0x557dd50da800_0;
    %pad/u 32;
    %muli 8, 0, 32;
    %ix/vec4 4;
    %shiftr 4;
    %assign/vec4 v0x557dd50daaa0_0, 0;
    %jmp T_8.17;
T_8.10 ;
    %pushi/vec4 4, 0, 8;
    %load/vec4 v0x557dd50da800_0;
    %pad/u 32;
    %muli 8, 0, 32;
    %ix/vec4 4;
    %shiftr 4;
    %assign/vec4 v0x557dd50daaa0_0, 0;
    %jmp T_8.17;
T_8.11 ;
    %pushi/vec4 2, 0, 16;
    %pushi/vec4 1, 0, 32;
    %load/vec4 v0x557dd50da800_0;
    %pad/u 32;
    %sub;
    %muli 8, 0, 32;
    %ix/vec4 4;
    %shiftr 4;
    %pad/u 8;
    %assign/vec4 v0x557dd50daaa0_0, 0;
    %jmp T_8.17;
T_8.12 ;
    %load/vec4 v0x557dd50dacd0_0;
    %pushi/vec4 5, 0, 32;
    %load/vec4 v0x557dd50da800_0;
    %pad/u 32;
    %sub;
    %muli 8, 0, 32;
    %ix/vec4 4;
    %shiftr 4;
    %pad/u 8;
    %assign/vec4 v0x557dd50daaa0_0, 0;
    %jmp T_8.17;
T_8.13 ;
    %load/vec4 v0x557dd50dac30_0;
    %pushi/vec4 3, 0, 32;
    %load/vec4 v0x557dd50da800_0;
    %pad/u 32;
    %sub;
    %muli 8, 0, 32;
    %ix/vec4 4;
    %shiftr 4;
    %pad/u 8;
    %assign/vec4 v0x557dd50daaa0_0, 0;
    %jmp T_8.17;
T_8.14 ;
    %load/vec4 v0x557dd50daff0_0;
    %pushi/vec4 5, 0, 32;
    %load/vec4 v0x557dd50da800_0;
    %pad/u 32;
    %sub;
    %muli 8, 0, 32;
    %ix/vec4 4;
    %shiftr 4;
    %pad/u 8;
    %assign/vec4 v0x557dd50daaa0_0, 0;
    %jmp T_8.17;
T_8.15 ;
    %load/vec4 v0x557dd50daf50_0;
    %pushi/vec4 3, 0, 32;
    %load/vec4 v0x557dd50da800_0;
    %pad/u 32;
    %sub;
    %muli 8, 0, 32;
    %ix/vec4 4;
    %shiftr 4;
    %pad/u 8;
    %assign/vec4 v0x557dd50daaa0_0, 0;
    %jmp T_8.17;
T_8.17 ;
    %pop/vec4 1;
T_8.1 ;
    %jmp T_8;
    .thread T_8;
    .scope S_0x557dd50d79e0;
T_9 ;
    %wait E_0x557dd5096ee0;
    %load/vec4 v0x557dd50db2e0_0;
    %flag_set/vec4 8;
    %jmp/0xz  T_9.0, 8;
    %pushi/vec4 0, 0, 1;
    %assign/vec4 v0x557dd50dbaf0_0, 0;
    %jmp T_9.1;
T_9.0 ;
    %load/vec4 v0x557dd50dbc80_0;
    %flag_set/vec4 8;
    %jmp/0xz  T_9.2, 8;
    %pushi/vec4 0, 0, 1;
    %assign/vec4 v0x557dd50dbaf0_0, 0;
    %jmp T_9.3;
T_9.2 ;
    %load/vec4 v0x557dd50dbbe0_0;
    %assign/vec4 v0x557dd50dbaf0_0, 0;
T_9.3 ;
T_9.1 ;
    %jmp T_9;
    .thread T_9;
    .scope S_0x557dd50d79e0;
T_10 ;
    %wait E_0x557dd5097820;
    %load/vec4 v0x557dd50db2e0_0;
    %flag_set/vec4 8;
    %jmp/0xz  T_10.0, 8;
    %pushi/vec4 0, 0, 48;
    %assign/vec4 v0x557dd50dbe60_0, 0;
    %pushi/vec4 0, 0, 32;
    %assign/vec4 v0x557dd50dbd20_0, 0;
    %jmp T_10.1;
T_10.0 ;
    %load/vec4 v0x557dd50dbbe0_0;
    %flag_set/vec4 8;
    %jmp/0xz  T_10.2, 8;
    %load/vec4 v0x557dd50dbf30_0;
    %assign/vec4 v0x557dd50dbe60_0, 0;
    %load/vec4 v0x557dd50dbdc0_0;
    %assign/vec4 v0x557dd50dbd20_0, 0;
    %jmp T_10.3;
T_10.2 ;
    %load/vec4 v0x557dd50dbe60_0;
    %assign/vec4 v0x557dd50dbe60_0, 0;
    %load/vec4 v0x557dd50dbd20_0;
    %assign/vec4 v0x557dd50dbd20_0, 0;
T_10.3 ;
T_10.1 ;
    %jmp T_10;
    .thread T_10;
    .scope S_0x557dd50d79e0;
T_11 ;
    %wait E_0x557dd5097820;
    %load/vec4 v0x557dd50db2e0_0;
    %flag_set/vec4 8;
    %jmp/0xz  T_11.0, 8;
    %pushi/vec4 0, 0, 1;
    %assign/vec4 v0x557dd50dbc80_0, 0;
    %jmp T_11.1;
T_11.0 ;
    %load/vec4 v0x557dd50dbaf0_0;
    %flag_set/vec4 8;
    %jmp/0xz  T_11.2, 8;
    %pushi/vec4 1, 0, 1;
    %assign/vec4 v0x557dd50dbc80_0, 0;
    %jmp T_11.3;
T_11.2 ;
    %pushi/vec4 0, 0, 1;
    %assign/vec4 v0x557dd50dbc80_0, 0;
T_11.3 ;
T_11.1 ;
    %jmp T_11;
    .thread T_11;
    .scope S_0x557dd509c190;
T_12 ;
    %vpi_call/w 2 110 "$dumpfile", "output_waveforms/arp_response_block_tb.vcd" {0 0 0};
    %vpi_call/w 2 111 "$dumpvars", 32'sb00000000000000000000000000000000, v0x557dd50dc100_0, v0x557dd50dc870_0, v0x557dd50dc7b0_0, v0x557dd50dc1c0_0, v0x557dd50dc620_0, v0x557dd50dc3f0_0, v0x557dd50dc280_0, v0x557dd50dc6c0_0, v0x557dd50dc530_0, v0x557dd50dc350_0, v0x557dd50dbaf0_0, v0x557dd50dbe60_0, v0x557dd50dbd20_0 {0 0 0};
    %end;
    .thread T_12;
    .scope S_0x557dd509c190;
T_13 ;
    %vpi_call/w 2 116 "$monitor", "Time: %t, data_tx: %h, data_valid: %h, data_ack: %h", $time, v0x557dd50dc530_0, v0x557dd50dc6c0_0, v0x557dd50dc350_0 {0 0 0};
    %end;
    .thread T_13;
    .scope S_0x557dd509c190;
T_14 ;
    %delay 5000, 0;
    %load/vec4 v0x557dd50dc1c0_0;
    %nor/r;
    %assign/vec4 v0x557dd50dc1c0_0, 0;
    %load/vec4 v0x557dd50dc280_0;
    %nor/r;
    %assign/vec4 v0x557dd50dc280_0, 0;
    %jmp T_14;
    .thread T_14;
    .scope S_0x557dd509c190;
T_15 ;
    %pushi/vec4 1, 0, 1;
    %assign/vec4 v0x557dd50dc100_0, 0;
    %pushi/vec4 3232235778, 0, 32;
    %assign/vec4 v0x557dd50dc7b0_0, 0;
    %pushi/vec4 2294300800, 0, 46;
    %concati/vec4 3, 0, 2;
    %assign/vec4 v0x557dd50dc870_0, 0;
    %pushi/vec4 0, 0, 1;
    %assign/vec4 v0x557dd50dc1c0_0, 0;
    %pushi/vec4 0, 0, 1;
    %assign/vec4 v0x557dd50dc620_0, 0;
    %pushi/vec4 0, 0, 8;
    %assign/vec4 v0x557dd50dc3f0_0, 0;
    %delay 1000, 0;
    %pushi/vec4 0, 0, 1;
    %assign/vec4 v0x557dd50dc280_0, 0;
    %pushi/vec4 0, 0, 1;
    %assign/vec4 v0x557dd50dc620_0, 0;
    %pushi/vec4 0, 0, 8;
    %assign/vec4 v0x557dd50dc3f0_0, 0;
    %pushi/vec4 0, 0, 1;
    %assign/vec4 v0x557dd50dc350_0, 0;
    %delay 9000, 0;
    %delay 20000, 0;
    %pushi/vec4 0, 0, 1;
    %assign/vec4 v0x557dd50dc100_0, 0;
    %delay 10000, 0;
    %pushi/vec4 1, 0, 1;
    %assign/vec4 v0x557dd50dc620_0, 0;
    %fork t_1, S_0x557dd504c2b0;
    %jmp t_0;
    .scope S_0x557dd504c2b0;
t_1 ;
    %pushi/vec4 0, 0, 32;
    %store/vec4 v0x557dd50b3be0_0, 0, 32;
T_15.0 ;
    %load/vec4 v0x557dd50b3be0_0;
    %cmpi/s 42, 0, 32;
    %jmp/0xz T_15.1, 5;
    %pushi/vec4 4294967295, 0, 32;
    %concati/vec4 4294901761, 0, 32;
    %concati/vec4 2214641360, 0, 33;
    %concati/vec4 2153775120, 0, 35;
    %concati/vec4 2147508288, 0, 32;
    %concati/vec4 2147524864, 0, 43;
    %concati/vec4 3201401168, 0, 34;
    %concati/vec4 2155872256, 0, 38;
    %concati/vec4 3232235778, 0, 57;
    %pushi/vec4 41, 0, 32;
    %load/vec4 v0x557dd50b3be0_0;
    %sub;
    %muli 8, 0, 32;
    %ix/vec4 4;
    %shiftr 4;
    %pad/u 8;
    %assign/vec4 v0x557dd50dc3f0_0, 0;
    %delay 10000, 0;
    %load/vec4 v0x557dd50b3be0_0;
    %addi 1, 0, 32;
    %cast2;
    %store/vec4 v0x557dd50b3be0_0, 0, 32;
    %jmp T_15.0;
T_15.1 ;
    %end;
    .scope S_0x557dd509c190;
t_0 %join;
    %pushi/vec4 0, 0, 1;
    %assign/vec4 v0x557dd50dc620_0, 0;
    %pushi/vec4 0, 0, 8;
    %assign/vec4 v0x557dd50dc3f0_0, 0;
    %delay 50000, 0;
    %pushi/vec4 1, 0, 1;
    %assign/vec4 v0x557dd50dc350_0, 0;
    %delay 10000, 0;
    %pushi/vec4 0, 0, 1;
    %assign/vec4 v0x557dd50dc350_0, 0;
    %delay 500000, 0;
    %vpi_call/w 2 161 "$stop" {0 0 0};
    %vpi_call/w 2 162 "$finish" {0 0 0};
    %end;
    .thread T_15;
# The file index is used to find the file name in the following table.
:file_names 7;
    "N/A";
    "<interactive>";
    "test_benches/arp_response_block_tb.sv";
    "arp_response_block.v";
    "input_det.v";
    "blk_next_state.v";
    "output_MAC.v";
