#! /usr/local/bin/vvp
:ivl_version "10.3 (stable)" "(v10_3-1-gea9b8408)";
:ivl_delay_selection "TYPICAL";
:vpi_time_precision - 12;
:vpi_module "system";
:vpi_module "vhdl_sys";
:vpi_module "v2005_math";
:vpi_module "va_math";
:vpi_module "v2009";
S_0x5594bbd85be0 .scope module, "input_det_tb" "input_det_tb" 2 20;
 .timescale -9 -12;
P_0x5594bbd87840 .param/l "arp_request_block" 0 2 31, C4<111111111111111111111111111111111111111111111111000000000000000101000010000000000101111101101000000010000000011000000000000000010000100000000000000001100000010000000000000000010000000000000001010000100000000001011111011010001100000010101000000000010000000100000000000000000000000000000000000000000000000011000000101010000000000100000010>;
v0x5594bbdc1560_0 .var "areset", 0 0;
v0x5594bbdc1620_0 .net "arp_send", 0 0, v0x5594bbdc04b0_0;  1 drivers
v0x5594bbdc16e0_0 .var "clk", 0 0;
v0x5594bbdc1800_0 .var "data_rx", 7 0;
v0x5594bbdc18a0_0 .var "data_valid", 0 0;
v0x5594bbdc19e0_0 .var "my_ip", 31 0;
v0x5594bbdc1a80_0 .net "source_ip", 31 0, v0x5594bbdc11d0_0;  1 drivers
v0x5594bbdc1b20_0 .net "source_mac", 47 0, v0x5594bbdc12b0_0;  1 drivers
S_0x5594bbd975a0 .scope begin, "$ivl_for_loop0" "$ivl_for_loop0" 2 129, 2 129 0, S_0x5594bbd85be0;
 .timescale -9 -12;
v0x5594bbd743b0_0 .var/2s "i", 31 0;
S_0x5594bbdbf500 .scope module, "in0" "input_det" 2 90, 3 22 0, S_0x5594bbd85be0;
 .timescale 0 0;
    .port_info 0 /INPUT 1 "clk"
    .port_info 1 /INPUT 1 "areset"
    .port_info 2 /INPUT 32 "my_ip"
    .port_info 3 /INPUT 1 "data_valid"
    .port_info 4 /INPUT 8 "data_rx"
    .port_info 5 /OUTPUT 1 "arp_send"
    .port_info 6 /OUTPUT 48 "source_mac"
    .port_info 7 /OUTPUT 32 "source_ip"
v0x5594bbdc0190_0 .net "areset", 0 0, v0x5594bbdc1560_0;  1 drivers
v0x5594bbdc0250_0 .var "arp_dest_addr", 47 0;
v0x5594bbdc0310_0 .var "arp_dest_ip", 31 0;
v0x5594bbdc03d0_0 .var "arp_op", 15 0;
v0x5594bbdc04b0_0 .var "arp_send", 0 0;
v0x5594bbdc05c0_0 .var "arp_src_addr", 47 0;
v0x5594bbdc06a0_0 .var "arp_src_ip", 31 0;
v0x5594bbdc0780_0 .net "blk_cnt", 2 0, v0x5594bbdbfc60_0;  1 drivers
v0x5594bbdc0840_0 .net "clk", 0 0, v0x5594bbdc16e0_0;  1 drivers
v0x5594bbdc08e0_0 .net "data_rx", 7 0, v0x5594bbdc1800_0;  1 drivers
v0x5594bbdc0980_0 .net "data_valid", 0 0, v0x5594bbdc18a0_0;  1 drivers
v0x5594bbdc0a20_0 .var "eth_dest_addr", 47 0;
v0x5594bbdc0ae0_0 .var "eth_src_addr", 47 0;
v0x5594bbdc0bc0_0 .var "frame_type", 15 0;
v0x5594bbdc0ca0_0 .var "hw_len", 7 0;
v0x5594bbdc0d80_0 .var "hw_type", 15 0;
v0x5594bbdc0e60_0 .net "my_ip", 31 0, v0x5594bbdc19e0_0;  1 drivers
v0x5594bbdc0f40_0 .net "next_state", 3 0, v0x5594bbdbfde0_0;  1 drivers
v0x5594bbdc1030_0 .var "prot_len", 7 0;
v0x5594bbdc10f0_0 .var "prot_type", 15 0;
v0x5594bbdc11d0_0 .var "source_ip", 31 0;
v0x5594bbdc12b0_0 .var "source_mac", 47 0;
v0x5594bbdc1390_0 .var "state", 3 0;
E_0x5594bbd588c0 .event edge, v0x5594bbdbffd0_0;
E_0x5594bbd7e3a0 .event edge, v0x5594bbdbfba0_0, v0x5594bbdbfc60_0, v0x5594bbdbffd0_0;
S_0x5594bbdbf850 .scope module, "bns" "blk_next_state" 3 62, 4 22 0, S_0x5594bbdbf500;
 .timescale 0 0;
    .port_info 0 /INPUT 1 "clk"
    .port_info 1 /INPUT 1 "areset"
    .port_info 2 /INPUT 4 "state"
    .port_info 3 /INPUT 1 "start"
    .port_info 4 /INPUT 1 "ack"
    .port_info 5 /OUTPUT 3 "blk_cnt"
    .port_info 6 /OUTPUT 4 "next_state"
L_0x7f816175a018 .functor BUFT 1, C4<1>, C4<0>, C4<0>, C4<0>;
v0x5594bbd74480_0 .net "ack", 0 0, L_0x7f816175a018;  1 drivers
v0x5594bbdbfba0_0 .net "areset", 0 0, v0x5594bbdc1560_0;  alias, 1 drivers
v0x5594bbdbfc60_0 .var "blk_cnt", 2 0;
v0x5594bbdbfd20_0 .net "clk", 0 0, v0x5594bbdc16e0_0;  alias, 1 drivers
v0x5594bbdbfde0_0 .var "next_state", 3 0;
v0x5594bbdbff10_0 .net "start", 0 0, v0x5594bbdc18a0_0;  alias, 1 drivers
v0x5594bbdbffd0_0 .net "state", 3 0, v0x5594bbdc1390_0;  1 drivers
E_0x5594bbd7d750/0 .event edge, v0x5594bbdbfba0_0;
E_0x5594bbd7d750/1 .event posedge, v0x5594bbdbfd20_0;
E_0x5594bbd7d750 .event/or E_0x5594bbd7d750/0, E_0x5594bbd7d750/1;
E_0x5594bbd7e3e0 .event edge, v0x5594bbdbff10_0, v0x5594bbdbfc60_0, v0x5594bbdbffd0_0, v0x5594bbdbfba0_0;
    .scope S_0x5594bbdbf850;
T_0 ;
    %wait E_0x5594bbd7e3e0;
    %load/vec4 v0x5594bbdbfba0_0;
    %flag_set/vec4 8;
    %jmp/0xz  T_0.0, 8;
    %pushi/vec4 0, 0, 4;
    %assign/vec4 v0x5594bbdbfde0_0, 0;
    %jmp T_0.1;
T_0.0 ;
    %load/vec4 v0x5594bbdbffd0_0;
    %dup/vec4;
    %pushi/vec4 0, 0, 4;
    %cmp/u;
    %jmp/1 T_0.2, 6;
    %dup/vec4;
    %pushi/vec4 1, 0, 4;
    %cmp/u;
    %jmp/1 T_0.3, 6;
    %dup/vec4;
    %pushi/vec4 2, 0, 4;
    %cmp/u;
    %jmp/1 T_0.4, 6;
    %dup/vec4;
    %pushi/vec4 3, 0, 4;
    %cmp/u;
    %jmp/1 T_0.5, 6;
    %dup/vec4;
    %pushi/vec4 4, 0, 4;
    %cmp/u;
    %jmp/1 T_0.6, 6;
    %dup/vec4;
    %pushi/vec4 5, 0, 4;
    %cmp/u;
    %jmp/1 T_0.7, 6;
    %dup/vec4;
    %pushi/vec4 6, 0, 4;
    %cmp/u;
    %jmp/1 T_0.8, 6;
    %dup/vec4;
    %pushi/vec4 7, 0, 4;
    %cmp/u;
    %jmp/1 T_0.9, 6;
    %dup/vec4;
    %pushi/vec4 8, 0, 4;
    %cmp/u;
    %jmp/1 T_0.10, 6;
    %dup/vec4;
    %pushi/vec4 9, 0, 4;
    %cmp/u;
    %jmp/1 T_0.11, 6;
    %dup/vec4;
    %pushi/vec4 10, 0, 4;
    %cmp/u;
    %jmp/1 T_0.12, 6;
    %dup/vec4;
    %pushi/vec4 11, 0, 4;
    %cmp/u;
    %jmp/1 T_0.13, 6;
    %dup/vec4;
    %pushi/vec4 12, 0, 4;
    %cmp/u;
    %jmp/1 T_0.14, 6;
    %dup/vec4;
    %pushi/vec4 13, 0, 4;
    %cmp/u;
    %jmp/1 T_0.15, 6;
    %pushi/vec4 0, 0, 4;
    %assign/vec4 v0x5594bbdbfde0_0, 0;
    %jmp T_0.17;
T_0.2 ;
    %load/vec4 v0x5594bbdbff10_0;
    %flag_set/vec4 8;
    %jmp/0xz  T_0.18, 8;
    %pushi/vec4 1, 0, 4;
    %assign/vec4 v0x5594bbdbfde0_0, 0;
    %jmp T_0.19;
T_0.18 ;
    %pushi/vec4 0, 0, 4;
    %assign/vec4 v0x5594bbdbfde0_0, 0;
T_0.19 ;
    %jmp T_0.17;
T_0.3 ;
    %load/vec4 v0x5594bbdbfc60_0;
    %cmpi/e 5, 0, 3;
    %jmp/0xz  T_0.20, 4;
    %pushi/vec4 2, 0, 4;
    %assign/vec4 v0x5594bbdbfde0_0, 0;
    %jmp T_0.21;
T_0.20 ;
    %pushi/vec4 1, 0, 4;
    %assign/vec4 v0x5594bbdbfde0_0, 0;
T_0.21 ;
    %jmp T_0.17;
T_0.4 ;
    %load/vec4 v0x5594bbdbfc60_0;
    %cmpi/e 5, 0, 3;
    %jmp/0xz  T_0.22, 4;
    %pushi/vec4 3, 0, 4;
    %assign/vec4 v0x5594bbdbfde0_0, 0;
    %jmp T_0.23;
T_0.22 ;
    %pushi/vec4 2, 0, 4;
    %assign/vec4 v0x5594bbdbfde0_0, 0;
T_0.23 ;
    %jmp T_0.17;
T_0.5 ;
    %load/vec4 v0x5594bbdbfc60_0;
    %cmpi/e 1, 0, 3;
    %jmp/0xz  T_0.24, 4;
    %pushi/vec4 4, 0, 4;
    %assign/vec4 v0x5594bbdbfde0_0, 0;
    %jmp T_0.25;
T_0.24 ;
    %pushi/vec4 3, 0, 4;
    %assign/vec4 v0x5594bbdbfde0_0, 0;
T_0.25 ;
    %jmp T_0.17;
T_0.6 ;
    %load/vec4 v0x5594bbdbfc60_0;
    %cmpi/e 1, 0, 3;
    %jmp/0xz  T_0.26, 4;
    %pushi/vec4 5, 0, 4;
    %assign/vec4 v0x5594bbdbfde0_0, 0;
    %jmp T_0.27;
T_0.26 ;
    %pushi/vec4 4, 0, 4;
    %assign/vec4 v0x5594bbdbfde0_0, 0;
T_0.27 ;
    %jmp T_0.17;
T_0.7 ;
    %load/vec4 v0x5594bbdbfc60_0;
    %cmpi/e 1, 0, 3;
    %jmp/0xz  T_0.28, 4;
    %pushi/vec4 6, 0, 4;
    %assign/vec4 v0x5594bbdbfde0_0, 0;
    %jmp T_0.29;
T_0.28 ;
    %pushi/vec4 5, 0, 4;
    %assign/vec4 v0x5594bbdbfde0_0, 0;
T_0.29 ;
    %jmp T_0.17;
T_0.8 ;
    %pushi/vec4 7, 0, 4;
    %assign/vec4 v0x5594bbdbfde0_0, 0;
    %jmp T_0.17;
T_0.9 ;
    %pushi/vec4 8, 0, 4;
    %assign/vec4 v0x5594bbdbfde0_0, 0;
    %jmp T_0.17;
T_0.10 ;
    %load/vec4 v0x5594bbdbfc60_0;
    %cmpi/e 1, 0, 3;
    %jmp/0xz  T_0.30, 4;
    %pushi/vec4 9, 0, 4;
    %assign/vec4 v0x5594bbdbfde0_0, 0;
    %jmp T_0.31;
T_0.30 ;
    %pushi/vec4 8, 0, 4;
    %assign/vec4 v0x5594bbdbfde0_0, 0;
T_0.31 ;
    %jmp T_0.17;
T_0.11 ;
    %load/vec4 v0x5594bbdbfc60_0;
    %cmpi/e 5, 0, 3;
    %jmp/0xz  T_0.32, 4;
    %pushi/vec4 10, 0, 4;
    %assign/vec4 v0x5594bbdbfde0_0, 0;
    %jmp T_0.33;
T_0.32 ;
    %pushi/vec4 9, 0, 4;
    %assign/vec4 v0x5594bbdbfde0_0, 0;
T_0.33 ;
    %jmp T_0.17;
T_0.12 ;
    %load/vec4 v0x5594bbdbfc60_0;
    %cmpi/e 3, 0, 3;
    %jmp/0xz  T_0.34, 4;
    %pushi/vec4 11, 0, 4;
    %assign/vec4 v0x5594bbdbfde0_0, 0;
    %jmp T_0.35;
T_0.34 ;
    %pushi/vec4 10, 0, 4;
    %assign/vec4 v0x5594bbdbfde0_0, 0;
T_0.35 ;
    %jmp T_0.17;
T_0.13 ;
    %load/vec4 v0x5594bbdbfc60_0;
    %cmpi/e 5, 0, 3;
    %jmp/0xz  T_0.36, 4;
    %pushi/vec4 12, 0, 4;
    %assign/vec4 v0x5594bbdbfde0_0, 0;
    %jmp T_0.37;
T_0.36 ;
    %pushi/vec4 11, 0, 4;
    %assign/vec4 v0x5594bbdbfde0_0, 0;
T_0.37 ;
    %jmp T_0.17;
T_0.14 ;
    %load/vec4 v0x5594bbdbfc60_0;
    %cmpi/e 3, 0, 3;
    %jmp/0xz  T_0.38, 4;
    %pushi/vec4 13, 0, 4;
    %assign/vec4 v0x5594bbdbfde0_0, 0;
    %jmp T_0.39;
T_0.38 ;
    %pushi/vec4 12, 0, 4;
    %assign/vec4 v0x5594bbdbfde0_0, 0;
T_0.39 ;
    %jmp T_0.17;
T_0.15 ;
    %load/vec4 v0x5594bbdbff10_0;
    %nor/r;
    %flag_set/vec4 8;
    %jmp/0xz  T_0.40, 8;
    %pushi/vec4 0, 0, 4;
    %assign/vec4 v0x5594bbdbfde0_0, 0;
    %jmp T_0.41;
T_0.40 ;
    %pushi/vec4 13, 0, 4;
    %assign/vec4 v0x5594bbdbfde0_0, 0;
T_0.41 ;
    %jmp T_0.17;
T_0.17 ;
    %pop/vec4 1;
T_0.1 ;
    %jmp T_0;
    .thread T_0, $push;
    .scope S_0x5594bbdbf850;
T_1 ;
    %wait E_0x5594bbd7d750;
    %load/vec4 v0x5594bbdbfba0_0;
    %flag_set/vec4 8;
    %jmp/0xz  T_1.0, 8;
    %pushi/vec4 0, 0, 3;
    %assign/vec4 v0x5594bbdbfc60_0, 0;
    %jmp T_1.1;
T_1.0 ;
    %load/vec4 v0x5594bbdbffd0_0;
    %pushi/vec4 1, 0, 4;
    %cmp/e;
    %flag_get/vec4 4;
    %load/vec4 v0x5594bbdbfc60_0;
    %pad/u 32;
    %pushi/vec4 0, 0, 32;
    %cmp/e;
    %flag_get/vec4 4;
    %and;
    %flag_set/vec4 8;
    %jmp/0xz  T_1.2, 8;
    %load/vec4 v0x5594bbd74480_0;
    %flag_set/vec4 8;
    %jmp/0xz  T_1.4, 8;
    %load/vec4 v0x5594bbdbfc60_0;
    %addi 1, 0, 3;
    %assign/vec4 v0x5594bbdbfc60_0, 0;
    %jmp T_1.5;
T_1.4 ;
    %pushi/vec4 0, 0, 3;
    %assign/vec4 v0x5594bbdbfc60_0, 0;
T_1.5 ;
    %jmp T_1.3;
T_1.2 ;
    %load/vec4 v0x5594bbdbffd0_0;
    %cmpi/e 0, 0, 4;
    %flag_mov 8, 4;
    %load/vec4 v0x5594bbdbffd0_0;
    %cmpi/e 13, 0, 4;
    %flag_or 4, 8;
    %jmp/0xz  T_1.6, 4;
    %pushi/vec4 0, 0, 3;
    %assign/vec4 v0x5594bbdbfc60_0, 0;
    %jmp T_1.7;
T_1.6 ;
    %load/vec4 v0x5594bbdbffd0_0;
    %load/vec4 v0x5594bbdbfde0_0;
    %cmp/e;
    %jmp/0xz  T_1.8, 4;
    %load/vec4 v0x5594bbdbfc60_0;
    %addi 1, 0, 3;
    %assign/vec4 v0x5594bbdbfc60_0, 0;
    %jmp T_1.9;
T_1.8 ;
    %pushi/vec4 0, 0, 3;
    %assign/vec4 v0x5594bbdbfc60_0, 0;
T_1.9 ;
T_1.7 ;
T_1.3 ;
T_1.1 ;
    %jmp T_1;
    .thread T_1;
    .scope S_0x5594bbdbf500;
T_2 ;
    %wait E_0x5594bbd7d750;
    %load/vec4 v0x5594bbdc0190_0;
    %flag_set/vec4 8;
    %jmp/0xz  T_2.0, 8;
    %load/vec4 v0x5594bbdc0980_0;
    %flag_set/vec4 8;
    %jmp/0xz  T_2.2, 8;
    %pushi/vec4 13, 0, 4;
    %assign/vec4 v0x5594bbdc1390_0, 0;
    %jmp T_2.3;
T_2.2 ;
    %pushi/vec4 0, 0, 4;
    %assign/vec4 v0x5594bbdc1390_0, 0;
T_2.3 ;
    %jmp T_2.1;
T_2.0 ;
    %load/vec4 v0x5594bbdc0f40_0;
    %assign/vec4 v0x5594bbdc1390_0, 0;
T_2.1 ;
    %jmp T_2;
    .thread T_2;
    .scope S_0x5594bbdbf500;
T_3 ;
    %wait E_0x5594bbd7e3a0;
    %load/vec4 v0x5594bbdc0190_0;
    %flag_set/vec4 8;
    %jmp/0xz  T_3.0, 8;
    %pushi/vec4 0, 0, 48;
    %assign/vec4 v0x5594bbdc0a20_0, 0;
    %pushi/vec4 0, 0, 48;
    %assign/vec4 v0x5594bbdc0ae0_0, 0;
    %pushi/vec4 0, 0, 16;
    %assign/vec4 v0x5594bbdc0bc0_0, 0;
    %pushi/vec4 0, 0, 16;
    %assign/vec4 v0x5594bbdc0d80_0, 0;
    %pushi/vec4 0, 0, 16;
    %assign/vec4 v0x5594bbdc10f0_0, 0;
    %pushi/vec4 0, 0, 8;
    %assign/vec4 v0x5594bbdc0ca0_0, 0;
    %pushi/vec4 0, 0, 8;
    %assign/vec4 v0x5594bbdc1030_0, 0;
    %pushi/vec4 0, 0, 16;
    %assign/vec4 v0x5594bbdc03d0_0, 0;
    %pushi/vec4 0, 0, 48;
    %assign/vec4 v0x5594bbdc05c0_0, 0;
    %pushi/vec4 0, 0, 32;
    %assign/vec4 v0x5594bbdc06a0_0, 0;
    %pushi/vec4 0, 0, 48;
    %assign/vec4 v0x5594bbdc0250_0, 0;
    %pushi/vec4 0, 0, 32;
    %assign/vec4 v0x5594bbdc0310_0, 0;
    %jmp T_3.1;
T_3.0 ;
    %load/vec4 v0x5594bbdc1390_0;
    %dup/vec4;
    %pushi/vec4 1, 0, 4;
    %cmp/u;
    %jmp/1 T_3.2, 6;
    %dup/vec4;
    %pushi/vec4 2, 0, 4;
    %cmp/u;
    %jmp/1 T_3.3, 6;
    %dup/vec4;
    %pushi/vec4 3, 0, 4;
    %cmp/u;
    %jmp/1 T_3.4, 6;
    %dup/vec4;
    %pushi/vec4 4, 0, 4;
    %cmp/u;
    %jmp/1 T_3.5, 6;
    %dup/vec4;
    %pushi/vec4 5, 0, 4;
    %cmp/u;
    %jmp/1 T_3.6, 6;
    %dup/vec4;
    %pushi/vec4 6, 0, 4;
    %cmp/u;
    %jmp/1 T_3.7, 6;
    %dup/vec4;
    %pushi/vec4 7, 0, 4;
    %cmp/u;
    %jmp/1 T_3.8, 6;
    %dup/vec4;
    %pushi/vec4 8, 0, 4;
    %cmp/u;
    %jmp/1 T_3.9, 6;
    %dup/vec4;
    %pushi/vec4 9, 0, 4;
    %cmp/u;
    %jmp/1 T_3.10, 6;
    %dup/vec4;
    %pushi/vec4 10, 0, 4;
    %cmp/u;
    %jmp/1 T_3.11, 6;
    %dup/vec4;
    %pushi/vec4 11, 0, 4;
    %cmp/u;
    %jmp/1 T_3.12, 6;
    %dup/vec4;
    %pushi/vec4 12, 0, 4;
    %cmp/u;
    %jmp/1 T_3.13, 6;
    %dup/vec4;
    %pushi/vec4 13, 0, 4;
    %cmp/u;
    %jmp/1 T_3.14, 6;
    %pushi/vec4 0, 0, 48;
    %assign/vec4 v0x5594bbdc0a20_0, 0;
    %pushi/vec4 0, 0, 48;
    %assign/vec4 v0x5594bbdc0ae0_0, 0;
    %pushi/vec4 0, 0, 16;
    %assign/vec4 v0x5594bbdc0bc0_0, 0;
    %pushi/vec4 0, 0, 16;
    %assign/vec4 v0x5594bbdc0d80_0, 0;
    %pushi/vec4 0, 0, 16;
    %assign/vec4 v0x5594bbdc10f0_0, 0;
    %pushi/vec4 0, 0, 8;
    %assign/vec4 v0x5594bbdc0ca0_0, 0;
    %pushi/vec4 0, 0, 8;
    %assign/vec4 v0x5594bbdc1030_0, 0;
    %pushi/vec4 0, 0, 16;
    %assign/vec4 v0x5594bbdc03d0_0, 0;
    %pushi/vec4 0, 0, 48;
    %assign/vec4 v0x5594bbdc05c0_0, 0;
    %pushi/vec4 0, 0, 32;
    %assign/vec4 v0x5594bbdc06a0_0, 0;
    %pushi/vec4 0, 0, 48;
    %assign/vec4 v0x5594bbdc0250_0, 0;
    %pushi/vec4 0, 0, 32;
    %assign/vec4 v0x5594bbdc0310_0, 0;
    %jmp T_3.16;
T_3.2 ;
    %load/vec4 v0x5594bbdc0a20_0;
    %parti/s 40, 0, 2;
    %load/vec4 v0x5594bbdc08e0_0;
    %concat/vec4; draw_concat_vec4
    %assign/vec4 v0x5594bbdc0a20_0, 0;
    %jmp T_3.16;
T_3.3 ;
    %load/vec4 v0x5594bbdc0ae0_0;
    %parti/s 40, 0, 2;
    %load/vec4 v0x5594bbdc08e0_0;
    %concat/vec4; draw_concat_vec4
    %assign/vec4 v0x5594bbdc0ae0_0, 0;
    %jmp T_3.16;
T_3.4 ;
    %load/vec4 v0x5594bbdc0bc0_0;
    %parti/s 8, 0, 2;
    %load/vec4 v0x5594bbdc08e0_0;
    %concat/vec4; draw_concat_vec4
    %assign/vec4 v0x5594bbdc0bc0_0, 0;
    %jmp T_3.16;
T_3.5 ;
    %load/vec4 v0x5594bbdc0d80_0;
    %parti/s 8, 0, 2;
    %load/vec4 v0x5594bbdc08e0_0;
    %concat/vec4; draw_concat_vec4
    %assign/vec4 v0x5594bbdc0d80_0, 0;
    %jmp T_3.16;
T_3.6 ;
    %load/vec4 v0x5594bbdc10f0_0;
    %parti/s 8, 0, 2;
    %load/vec4 v0x5594bbdc08e0_0;
    %concat/vec4; draw_concat_vec4
    %assign/vec4 v0x5594bbdc10f0_0, 0;
    %jmp T_3.16;
T_3.7 ;
    %load/vec4 v0x5594bbdc08e0_0;
    %assign/vec4 v0x5594bbdc0ca0_0, 0;
    %jmp T_3.16;
T_3.8 ;
    %load/vec4 v0x5594bbdc08e0_0;
    %assign/vec4 v0x5594bbdc1030_0, 0;
    %jmp T_3.16;
T_3.9 ;
    %load/vec4 v0x5594bbdc03d0_0;
    %parti/s 8, 0, 2;
    %load/vec4 v0x5594bbdc08e0_0;
    %concat/vec4; draw_concat_vec4
    %assign/vec4 v0x5594bbdc03d0_0, 0;
    %jmp T_3.16;
T_3.10 ;
    %load/vec4 v0x5594bbdc05c0_0;
    %parti/s 40, 0, 2;
    %load/vec4 v0x5594bbdc08e0_0;
    %concat/vec4; draw_concat_vec4
    %assign/vec4 v0x5594bbdc05c0_0, 0;
    %jmp T_3.16;
T_3.11 ;
    %load/vec4 v0x5594bbdc06a0_0;
    %parti/s 24, 0, 2;
    %load/vec4 v0x5594bbdc08e0_0;
    %concat/vec4; draw_concat_vec4
    %assign/vec4 v0x5594bbdc06a0_0, 0;
    %jmp T_3.16;
T_3.12 ;
    %load/vec4 v0x5594bbdc0250_0;
    %parti/s 40, 0, 2;
    %load/vec4 v0x5594bbdc08e0_0;
    %concat/vec4; draw_concat_vec4
    %assign/vec4 v0x5594bbdc0250_0, 0;
    %jmp T_3.16;
T_3.13 ;
    %load/vec4 v0x5594bbdc0310_0;
    %parti/s 24, 0, 2;
    %load/vec4 v0x5594bbdc08e0_0;
    %concat/vec4; draw_concat_vec4
    %assign/vec4 v0x5594bbdc0310_0, 0;
    %jmp T_3.16;
T_3.14 ;
    %load/vec4 v0x5594bbdc0a20_0;
    %assign/vec4 v0x5594bbdc0a20_0, 0;
    %load/vec4 v0x5594bbdc0ae0_0;
    %assign/vec4 v0x5594bbdc0ae0_0, 0;
    %load/vec4 v0x5594bbdc0bc0_0;
    %assign/vec4 v0x5594bbdc0bc0_0, 0;
    %load/vec4 v0x5594bbdc0d80_0;
    %assign/vec4 v0x5594bbdc0d80_0, 0;
    %load/vec4 v0x5594bbdc10f0_0;
    %assign/vec4 v0x5594bbdc10f0_0, 0;
    %load/vec4 v0x5594bbdc0ca0_0;
    %assign/vec4 v0x5594bbdc0ca0_0, 0;
    %load/vec4 v0x5594bbdc1030_0;
    %assign/vec4 v0x5594bbdc1030_0, 0;
    %load/vec4 v0x5594bbdc03d0_0;
    %assign/vec4 v0x5594bbdc03d0_0, 0;
    %load/vec4 v0x5594bbdc05c0_0;
    %assign/vec4 v0x5594bbdc05c0_0, 0;
    %load/vec4 v0x5594bbdc06a0_0;
    %assign/vec4 v0x5594bbdc06a0_0, 0;
    %load/vec4 v0x5594bbdc0250_0;
    %assign/vec4 v0x5594bbdc0250_0, 0;
    %load/vec4 v0x5594bbdc0310_0;
    %assign/vec4 v0x5594bbdc0310_0, 0;
    %jmp T_3.16;
T_3.16 ;
    %pop/vec4 1;
T_3.1 ;
    %jmp T_3;
    .thread T_3, $push;
    .scope S_0x5594bbdbf500;
T_4 ;
    %wait E_0x5594bbd588c0;
    %load/vec4 v0x5594bbdc1390_0;
    %pushi/vec4 13, 0, 4;
    %cmp/e;
    %flag_get/vec4 4;
    %load/vec4 v0x5594bbdc0a20_0;
    %pushi/vec4 4294967295, 0, 32;
    %concati/vec4 65535, 0, 16;
    %cmp/e;
    %flag_get/vec4 4;
    %and;
    %load/vec4 v0x5594bbdc0bc0_0;
    %pushi/vec4 2054, 0, 16;
    %cmp/e;
    %flag_get/vec4 4;
    %and;
    %load/vec4 v0x5594bbdc0d80_0;
    %pushi/vec4 1, 0, 16;
    %cmp/e;
    %flag_get/vec4 4;
    %and;
    %load/vec4 v0x5594bbdc10f0_0;
    %pushi/vec4 2048, 0, 16;
    %cmp/e;
    %flag_get/vec4 4;
    %and;
    %load/vec4 v0x5594bbdc0ca0_0;
    %pushi/vec4 6, 0, 8;
    %cmp/e;
    %flag_get/vec4 4;
    %and;
    %load/vec4 v0x5594bbdc1030_0;
    %pushi/vec4 4, 0, 8;
    %cmp/e;
    %flag_get/vec4 4;
    %and;
    %load/vec4 v0x5594bbdc03d0_0;
    %pushi/vec4 1, 0, 16;
    %cmp/e;
    %flag_get/vec4 4;
    %and;
    %load/vec4 v0x5594bbdc0250_0;
    %pushi/vec4 0, 0, 48;
    %cmp/e;
    %flag_get/vec4 4;
    %and;
    %load/vec4 v0x5594bbdc0310_0;
    %load/vec4 v0x5594bbdc0e60_0;
    %cmp/e;
    %flag_get/vec4 4;
    %and;
    %flag_set/vec4 8;
    %jmp/0xz  T_4.0, 8;
    %pushi/vec4 1, 0, 1;
    %assign/vec4 v0x5594bbdc04b0_0, 0;
    %load/vec4 v0x5594bbdc05c0_0;
    %assign/vec4 v0x5594bbdc12b0_0, 0;
    %load/vec4 v0x5594bbdc06a0_0;
    %assign/vec4 v0x5594bbdc11d0_0, 0;
    %jmp T_4.1;
T_4.0 ;
    %pushi/vec4 0, 0, 1;
    %assign/vec4 v0x5594bbdc04b0_0, 0;
    %pushi/vec4 0, 0, 48;
    %assign/vec4 v0x5594bbdc12b0_0, 0;
    %pushi/vec4 0, 0, 32;
    %assign/vec4 v0x5594bbdc11d0_0, 0;
T_4.1 ;
    %jmp T_4;
    .thread T_4, $push;
    .scope S_0x5594bbd85be0;
T_5 ;
    %pushi/vec4 3232235778, 0, 32;
    %store/vec4 v0x5594bbdc19e0_0, 0, 32;
    %end;
    .thread T_5, $init;
    .scope S_0x5594bbd85be0;
T_6 ;
    %vpi_call/w 2 104 "$dumpfile", "output_waveforms/input_det_tb.vcd" {0 0 0};
    %vpi_call/w 2 105 "$dumpvars", 32'sb00000000000000000000000000000000, v0x5594bbdc16e0_0, v0x5594bbdc1560_0, v0x5594bbdc19e0_0, v0x5594bbdc18a0_0, v0x5594bbdc1800_0, v0x5594bbdc1620_0, v0x5594bbdc1b20_0, v0x5594bbdc1a80_0, v0x5594bbdc1390_0 {0 0 0};
    %end;
    .thread T_6;
    .scope S_0x5594bbd85be0;
T_7 ;
    %delay 5000, 0;
    %load/vec4 v0x5594bbdc16e0_0;
    %nor/r;
    %assign/vec4 v0x5594bbdc16e0_0, 0;
    %jmp T_7;
    .thread T_7;
    .scope S_0x5594bbd85be0;
T_8 ;
    %pushi/vec4 0, 0, 1;
    %assign/vec4 v0x5594bbdc16e0_0, 0;
    %pushi/vec4 1, 0, 1;
    %assign/vec4 v0x5594bbdc1560_0, 0;
    %pushi/vec4 3232235778, 0, 32;
    %assign/vec4 v0x5594bbdc19e0_0, 0;
    %pushi/vec4 0, 0, 1;
    %assign/vec4 v0x5594bbdc18a0_0, 0;
    %pushi/vec4 0, 0, 8;
    %assign/vec4 v0x5594bbdc1800_0, 0;
    %delay 20000, 0;
    %pushi/vec4 0, 0, 1;
    %assign/vec4 v0x5594bbdc1560_0, 0;
    %delay 10000, 0;
    %pushi/vec4 1, 0, 1;
    %assign/vec4 v0x5594bbdc18a0_0, 0;
    %fork t_1, S_0x5594bbd975a0;
    %jmp t_0;
    .scope S_0x5594bbd975a0;
t_1 ;
    %pushi/vec4 0, 0, 32;
    %store/vec4 v0x5594bbd743b0_0, 0, 32;
T_8.0 ;
    %load/vec4 v0x5594bbd743b0_0;
    %cmpi/s 42, 0, 32;
    %jmp/0xz T_8.1, 5;
    %pushi/vec4 4294967295, 0, 32;
    %concati/vec4 4294901761, 0, 32;
    %concati/vec4 2214641360, 0, 33;
    %concati/vec4 2153775120, 0, 35;
    %concati/vec4 2147508288, 0, 32;
    %concati/vec4 2147524864, 0, 43;
    %concati/vec4 3201401168, 0, 34;
    %concati/vec4 2155872256, 0, 38;
    %concati/vec4 3232235778, 0, 57;
    %pushi/vec4 41, 0, 32;
    %load/vec4 v0x5594bbd743b0_0;
    %sub;
    %muli 8, 0, 32;
    %ix/vec4 4;
    %shiftr 4;
    %pad/u 8;
    %assign/vec4 v0x5594bbdc1800_0, 0;
    %delay 10000, 0;
    %load/vec4 v0x5594bbd743b0_0;
    %addi 1, 0, 32;
    %cast2;
    %store/vec4 v0x5594bbd743b0_0, 0, 32;
    %jmp T_8.0;
T_8.1 ;
    %end;
    .scope S_0x5594bbd85be0;
t_0 %join;
    %pushi/vec4 0, 0, 1;
    %assign/vec4 v0x5594bbdc18a0_0, 0;
    %pushi/vec4 0, 0, 8;
    %assign/vec4 v0x5594bbdc1800_0, 0;
    %delay 50000, 0;
    %vpi_call/w 2 138 "$stop" {0 0 0};
    %vpi_call/w 2 139 "$finish" {0 0 0};
    %end;
    .thread T_8;
# The file index is used to find the file name in the following table.
:file_names 5;
    "N/A";
    "<interactive>";
    "test_benches/input_det_tb.sv";
    "input_det.v";
    "blk_next_state.v";
