#! /usr/local/bin/vvp
:ivl_version "10.3 (stable)" "(v10_3-1-gea9b8408)";
:ivl_delay_selection "TYPICAL";
:vpi_time_precision - 12;
:vpi_module "system";
:vpi_module "vhdl_sys";
:vpi_module "v2005_math";
:vpi_module "va_math";
S_0x558cfbf4fa30 .scope module, "output_MAC_tb" "output_MAC_tb" 2 20;
 .timescale -9 -12;
v0x558cfbf7b560_0 .var "areset", 0 0;
v0x558cfbf7b620_0 .var "clk", 0 0;
v0x558cfbf7b730_0 .var "data_ack_tx", 0 0;
v0x558cfbf7b820_0 .net "data_tx", 7 0, v0x558cfbf7ad40_0;  1 drivers
v0x558cfbf7b8c0_0 .net "data_valid", 0 0, v0x558cfbf7ae30_0;  1 drivers
v0x558cfbf7b9b0_0 .var "my_ip", 31 0;
v0x558cfbf7ba50_0 .var "my_mac", 47 0;
v0x558cfbf7bb20_0 .var "send_mac", 0 0;
v0x558cfbf7bc10_0 .var "source_ip", 31 0;
v0x558cfbf7bcb0_0 .var "source_mac", 47 0;
S_0x558cfbf4fbb0 .scope module, "out0" "output_MAC" 2 34, 3 22 0, S_0x558cfbf4fa30;
 .timescale 0 0;
    .port_info 0 /INPUT 1 "clk"
    .port_info 1 /INPUT 1 "areset"
    .port_info 2 /OUTPUT 1 "data_valid"
    .port_info 3 /OUTPUT 8 "data_tx"
    .port_info 4 /INPUT 1 "data_ack_tx"
    .port_info 5 /INPUT 1 "send_mac"
    .port_info 6 /INPUT 48 "source_mac"
    .port_info 7 /INPUT 32 "source_ip"
    .port_info 8 /INPUT 48 "my_mac"
    .port_info 9 /INPUT 32 "my_ip"
v0x558cfbf7aaa0_0 .net "areset", 0 0, v0x558cfbf7b560_0;  1 drivers
v0x558cfbf7ab60_0 .net "blk_cnt", 2 0, v0x558cfbf3fe30_0;  1 drivers
v0x558cfbf7ac00_0 .net "clk", 0 0, v0x558cfbf7b620_0;  1 drivers
v0x558cfbf7aca0_0 .net "data_ack_tx", 0 0, v0x558cfbf7b730_0;  1 drivers
v0x558cfbf7ad40_0 .var "data_tx", 7 0;
v0x558cfbf7ae30_0 .var "data_valid", 0 0;
v0x558cfbf7aed0_0 .net "my_ip", 31 0, v0x558cfbf7b9b0_0;  1 drivers
v0x558cfbf7af90_0 .net "my_mac", 47 0, v0x558cfbf7ba50_0;  1 drivers
v0x558cfbf7b070_0 .net "next_state", 3 0, v0x558cfbf7a6f0_0;  1 drivers
v0x558cfbf7b130_0 .net "send_mac", 0 0, v0x558cfbf7bb20_0;  1 drivers
v0x558cfbf7b1d0_0 .net "source_ip", 31 0, v0x558cfbf7bc10_0;  1 drivers
v0x558cfbf7b270_0 .net "source_mac", 47 0, v0x558cfbf7bcb0_0;  1 drivers
v0x558cfbf7b350_0 .var "state", 3 0;
S_0x558cfbf58c30 .scope module, "bns" "blk_next_state" 3 42, 4 22 0, S_0x558cfbf4fbb0;
 .timescale 0 0;
    .port_info 0 /INPUT 1 "clk"
    .port_info 1 /INPUT 1 "areset"
    .port_info 2 /INPUT 4 "state"
    .port_info 3 /INPUT 1 "start"
    .port_info 4 /INPUT 1 "ack"
    .port_info 5 /OUTPUT 3 "blk_cnt"
    .port_info 6 /OUTPUT 4 "next_state"
v0x558cfbf3bcd0_0 .net "ack", 0 0, v0x558cfbf7b730_0;  alias, 1 drivers
v0x558cfbf3bda0_0 .net "areset", 0 0, v0x558cfbf7b560_0;  alias, 1 drivers
v0x558cfbf3fe30_0 .var "blk_cnt", 2 0;
v0x558cfbf3fed0_0 .net "clk", 0 0, v0x558cfbf7b620_0;  alias, 1 drivers
v0x558cfbf7a6f0_0 .var "next_state", 3 0;
v0x558cfbf7a820_0 .net "start", 0 0, v0x558cfbf7bb20_0;  alias, 1 drivers
v0x558cfbf7a8e0_0 .net "state", 3 0, v0x558cfbf7b350_0;  1 drivers
E_0x558cfbf481c0/0 .event edge, v0x558cfbf3bda0_0;
E_0x558cfbf481c0/1 .event posedge, v0x558cfbf3fed0_0;
E_0x558cfbf481c0 .event/or E_0x558cfbf481c0/0, E_0x558cfbf481c0/1;
E_0x558cfbf47780 .event edge, v0x558cfbf7a820_0, v0x558cfbf3fe30_0, v0x558cfbf7a8e0_0, v0x558cfbf3bda0_0;
    .scope S_0x558cfbf58c30;
T_0 ;
    %wait E_0x558cfbf47780;
    %load/vec4 v0x558cfbf3bda0_0;
    %flag_set/vec4 8;
    %jmp/0xz  T_0.0, 8;
    %pushi/vec4 0, 0, 4;
    %assign/vec4 v0x558cfbf7a6f0_0, 0;
    %jmp T_0.1;
T_0.0 ;
    %load/vec4 v0x558cfbf7a8e0_0;
    %dup/vec4;
    %pushi/vec4 0, 0, 4;
    %cmp/u;
    %jmp/1 T_0.2, 6;
    %dup/vec4;
    %pushi/vec4 1, 0, 4;
    %cmp/u;
    %jmp/1 T_0.3, 6;
    %dup/vec4;
    %pushi/vec4 2, 0, 4;
    %cmp/u;
    %jmp/1 T_0.4, 6;
    %dup/vec4;
    %pushi/vec4 3, 0, 4;
    %cmp/u;
    %jmp/1 T_0.5, 6;
    %dup/vec4;
    %pushi/vec4 4, 0, 4;
    %cmp/u;
    %jmp/1 T_0.6, 6;
    %dup/vec4;
    %pushi/vec4 5, 0, 4;
    %cmp/u;
    %jmp/1 T_0.7, 6;
    %dup/vec4;
    %pushi/vec4 6, 0, 4;
    %cmp/u;
    %jmp/1 T_0.8, 6;
    %dup/vec4;
    %pushi/vec4 7, 0, 4;
    %cmp/u;
    %jmp/1 T_0.9, 6;
    %dup/vec4;
    %pushi/vec4 8, 0, 4;
    %cmp/u;
    %jmp/1 T_0.10, 6;
    %dup/vec4;
    %pushi/vec4 9, 0, 4;
    %cmp/u;
    %jmp/1 T_0.11, 6;
    %dup/vec4;
    %pushi/vec4 10, 0, 4;
    %cmp/u;
    %jmp/1 T_0.12, 6;
    %dup/vec4;
    %pushi/vec4 11, 0, 4;
    %cmp/u;
    %jmp/1 T_0.13, 6;
    %dup/vec4;
    %pushi/vec4 12, 0, 4;
    %cmp/u;
    %jmp/1 T_0.14, 6;
    %dup/vec4;
    %pushi/vec4 13, 0, 4;
    %cmp/u;
    %jmp/1 T_0.15, 6;
    %pushi/vec4 0, 0, 4;
    %assign/vec4 v0x558cfbf7a6f0_0, 0;
    %jmp T_0.17;
T_0.2 ;
    %load/vec4 v0x558cfbf7a820_0;
    %flag_set/vec4 8;
    %jmp/0xz  T_0.18, 8;
    %pushi/vec4 1, 0, 4;
    %assign/vec4 v0x558cfbf7a6f0_0, 0;
    %jmp T_0.19;
T_0.18 ;
    %pushi/vec4 0, 0, 4;
    %assign/vec4 v0x558cfbf7a6f0_0, 0;
T_0.19 ;
    %jmp T_0.17;
T_0.3 ;
    %load/vec4 v0x558cfbf3fe30_0;
    %cmpi/e 5, 0, 3;
    %jmp/0xz  T_0.20, 4;
    %pushi/vec4 2, 0, 4;
    %assign/vec4 v0x558cfbf7a6f0_0, 0;
    %jmp T_0.21;
T_0.20 ;
    %pushi/vec4 1, 0, 4;
    %assign/vec4 v0x558cfbf7a6f0_0, 0;
T_0.21 ;
    %jmp T_0.17;
T_0.4 ;
    %load/vec4 v0x558cfbf3fe30_0;
    %cmpi/e 5, 0, 3;
    %jmp/0xz  T_0.22, 4;
    %pushi/vec4 3, 0, 4;
    %assign/vec4 v0x558cfbf7a6f0_0, 0;
    %jmp T_0.23;
T_0.22 ;
    %pushi/vec4 2, 0, 4;
    %assign/vec4 v0x558cfbf7a6f0_0, 0;
T_0.23 ;
    %jmp T_0.17;
T_0.5 ;
    %load/vec4 v0x558cfbf3fe30_0;
    %cmpi/e 1, 0, 3;
    %jmp/0xz  T_0.24, 4;
    %pushi/vec4 4, 0, 4;
    %assign/vec4 v0x558cfbf7a6f0_0, 0;
    %jmp T_0.25;
T_0.24 ;
    %pushi/vec4 3, 0, 4;
    %assign/vec4 v0x558cfbf7a6f0_0, 0;
T_0.25 ;
    %jmp T_0.17;
T_0.6 ;
    %load/vec4 v0x558cfbf3fe30_0;
    %cmpi/e 1, 0, 3;
    %jmp/0xz  T_0.26, 4;
    %pushi/vec4 5, 0, 4;
    %assign/vec4 v0x558cfbf7a6f0_0, 0;
    %jmp T_0.27;
T_0.26 ;
    %pushi/vec4 4, 0, 4;
    %assign/vec4 v0x558cfbf7a6f0_0, 0;
T_0.27 ;
    %jmp T_0.17;
T_0.7 ;
    %load/vec4 v0x558cfbf3fe30_0;
    %cmpi/e 1, 0, 3;
    %jmp/0xz  T_0.28, 4;
    %pushi/vec4 6, 0, 4;
    %assign/vec4 v0x558cfbf7a6f0_0, 0;
    %jmp T_0.29;
T_0.28 ;
    %pushi/vec4 5, 0, 4;
    %assign/vec4 v0x558cfbf7a6f0_0, 0;
T_0.29 ;
    %jmp T_0.17;
T_0.8 ;
    %pushi/vec4 7, 0, 4;
    %assign/vec4 v0x558cfbf7a6f0_0, 0;
    %jmp T_0.17;
T_0.9 ;
    %pushi/vec4 8, 0, 4;
    %assign/vec4 v0x558cfbf7a6f0_0, 0;
    %jmp T_0.17;
T_0.10 ;
    %load/vec4 v0x558cfbf3fe30_0;
    %cmpi/e 1, 0, 3;
    %jmp/0xz  T_0.30, 4;
    %pushi/vec4 9, 0, 4;
    %assign/vec4 v0x558cfbf7a6f0_0, 0;
    %jmp T_0.31;
T_0.30 ;
    %pushi/vec4 8, 0, 4;
    %assign/vec4 v0x558cfbf7a6f0_0, 0;
T_0.31 ;
    %jmp T_0.17;
T_0.11 ;
    %load/vec4 v0x558cfbf3fe30_0;
    %cmpi/e 5, 0, 3;
    %jmp/0xz  T_0.32, 4;
    %pushi/vec4 10, 0, 4;
    %assign/vec4 v0x558cfbf7a6f0_0, 0;
    %jmp T_0.33;
T_0.32 ;
    %pushi/vec4 9, 0, 4;
    %assign/vec4 v0x558cfbf7a6f0_0, 0;
T_0.33 ;
    %jmp T_0.17;
T_0.12 ;
    %load/vec4 v0x558cfbf3fe30_0;
    %cmpi/e 3, 0, 3;
    %jmp/0xz  T_0.34, 4;
    %pushi/vec4 11, 0, 4;
    %assign/vec4 v0x558cfbf7a6f0_0, 0;
    %jmp T_0.35;
T_0.34 ;
    %pushi/vec4 10, 0, 4;
    %assign/vec4 v0x558cfbf7a6f0_0, 0;
T_0.35 ;
    %jmp T_0.17;
T_0.13 ;
    %load/vec4 v0x558cfbf3fe30_0;
    %cmpi/e 5, 0, 3;
    %jmp/0xz  T_0.36, 4;
    %pushi/vec4 12, 0, 4;
    %assign/vec4 v0x558cfbf7a6f0_0, 0;
    %jmp T_0.37;
T_0.36 ;
    %pushi/vec4 11, 0, 4;
    %assign/vec4 v0x558cfbf7a6f0_0, 0;
T_0.37 ;
    %jmp T_0.17;
T_0.14 ;
    %load/vec4 v0x558cfbf3fe30_0;
    %cmpi/e 3, 0, 3;
    %jmp/0xz  T_0.38, 4;
    %pushi/vec4 13, 0, 4;
    %assign/vec4 v0x558cfbf7a6f0_0, 0;
    %jmp T_0.39;
T_0.38 ;
    %pushi/vec4 12, 0, 4;
    %assign/vec4 v0x558cfbf7a6f0_0, 0;
T_0.39 ;
    %jmp T_0.17;
T_0.15 ;
    %load/vec4 v0x558cfbf7a820_0;
    %nor/r;
    %flag_set/vec4 8;
    %jmp/0xz  T_0.40, 8;
    %pushi/vec4 0, 0, 4;
    %assign/vec4 v0x558cfbf7a6f0_0, 0;
    %jmp T_0.41;
T_0.40 ;
    %pushi/vec4 13, 0, 4;
    %assign/vec4 v0x558cfbf7a6f0_0, 0;
T_0.41 ;
    %jmp T_0.17;
T_0.17 ;
    %pop/vec4 1;
T_0.1 ;
    %jmp T_0;
    .thread T_0, $push;
    .scope S_0x558cfbf58c30;
T_1 ;
    %wait E_0x558cfbf481c0;
    %load/vec4 v0x558cfbf3bda0_0;
    %flag_set/vec4 8;
    %jmp/0xz  T_1.0, 8;
    %pushi/vec4 0, 0, 3;
    %assign/vec4 v0x558cfbf3fe30_0, 0;
    %jmp T_1.1;
T_1.0 ;
    %load/vec4 v0x558cfbf7a8e0_0;
    %pushi/vec4 1, 0, 4;
    %cmp/e;
    %flag_get/vec4 4;
    %load/vec4 v0x558cfbf3fe30_0;
    %pad/u 32;
    %pushi/vec4 0, 0, 32;
    %cmp/e;
    %flag_get/vec4 4;
    %and;
    %flag_set/vec4 8;
    %jmp/0xz  T_1.2, 8;
    %load/vec4 v0x558cfbf3bcd0_0;
    %flag_set/vec4 8;
    %jmp/0xz  T_1.4, 8;
    %load/vec4 v0x558cfbf3fe30_0;
    %addi 1, 0, 3;
    %assign/vec4 v0x558cfbf3fe30_0, 0;
    %jmp T_1.5;
T_1.4 ;
    %pushi/vec4 0, 0, 3;
    %assign/vec4 v0x558cfbf3fe30_0, 0;
T_1.5 ;
    %jmp T_1.3;
T_1.2 ;
    %load/vec4 v0x558cfbf7a8e0_0;
    %cmpi/e 0, 0, 4;
    %flag_mov 8, 4;
    %load/vec4 v0x558cfbf7a8e0_0;
    %cmpi/e 13, 0, 4;
    %flag_or 4, 8;
    %jmp/0xz  T_1.6, 4;
    %pushi/vec4 0, 0, 3;
    %assign/vec4 v0x558cfbf3fe30_0, 0;
    %jmp T_1.7;
T_1.6 ;
    %load/vec4 v0x558cfbf7a8e0_0;
    %load/vec4 v0x558cfbf7a6f0_0;
    %cmp/e;
    %jmp/0xz  T_1.8, 4;
    %load/vec4 v0x558cfbf3fe30_0;
    %addi 1, 0, 3;
    %assign/vec4 v0x558cfbf3fe30_0, 0;
    %jmp T_1.9;
T_1.8 ;
    %pushi/vec4 0, 0, 3;
    %assign/vec4 v0x558cfbf3fe30_0, 0;
T_1.9 ;
T_1.7 ;
T_1.3 ;
T_1.1 ;
    %jmp T_1;
    .thread T_1;
    .scope S_0x558cfbf4fbb0;
T_2 ;
    %wait E_0x558cfbf481c0;
    %load/vec4 v0x558cfbf7aaa0_0;
    %flag_set/vec4 8;
    %jmp/0xz  T_2.0, 8;
    %pushi/vec4 0, 0, 4;
    %assign/vec4 v0x558cfbf7b350_0, 0;
    %jmp T_2.1;
T_2.0 ;
    %load/vec4 v0x558cfbf7b070_0;
    %assign/vec4 v0x558cfbf7b350_0, 0;
T_2.1 ;
    %jmp T_2;
    .thread T_2;
    .scope S_0x558cfbf4fbb0;
T_3 ;
    %wait E_0x558cfbf481c0;
    %load/vec4 v0x558cfbf7aaa0_0;
    %flag_set/vec4 8;
    %jmp/0xz  T_3.0, 8;
    %pushi/vec4 0, 0, 1;
    %assign/vec4 v0x558cfbf7ae30_0, 0;
    %pushi/vec4 0, 0, 8;
    %assign/vec4 v0x558cfbf7ad40_0, 0;
    %jmp T_3.1;
T_3.0 ;
    %load/vec4 v0x558cfbf7b350_0;
    %cmpi/e 0, 0, 4;
    %flag_mov 8, 4;
    %load/vec4 v0x558cfbf7b350_0;
    %cmpi/e 13, 0, 4;
    %flag_or 4, 8;
    %jmp/0xz  T_3.2, 4;
    %pushi/vec4 0, 0, 1;
    %assign/vec4 v0x558cfbf7ae30_0, 0;
    %jmp T_3.3;
T_3.2 ;
    %pushi/vec4 1, 0, 1;
    %assign/vec4 v0x558cfbf7ae30_0, 0;
T_3.3 ;
    %load/vec4 v0x558cfbf7b350_0;
    %dup/vec4;
    %pushi/vec4 1, 0, 4;
    %cmp/u;
    %jmp/1 T_3.4, 6;
    %dup/vec4;
    %pushi/vec4 2, 0, 4;
    %cmp/u;
    %jmp/1 T_3.5, 6;
    %dup/vec4;
    %pushi/vec4 3, 0, 4;
    %cmp/u;
    %jmp/1 T_3.6, 6;
    %dup/vec4;
    %pushi/vec4 4, 0, 4;
    %cmp/u;
    %jmp/1 T_3.7, 6;
    %dup/vec4;
    %pushi/vec4 5, 0, 4;
    %cmp/u;
    %jmp/1 T_3.8, 6;
    %dup/vec4;
    %pushi/vec4 6, 0, 4;
    %cmp/u;
    %jmp/1 T_3.9, 6;
    %dup/vec4;
    %pushi/vec4 7, 0, 4;
    %cmp/u;
    %jmp/1 T_3.10, 6;
    %dup/vec4;
    %pushi/vec4 8, 0, 4;
    %cmp/u;
    %jmp/1 T_3.11, 6;
    %dup/vec4;
    %pushi/vec4 9, 0, 4;
    %cmp/u;
    %jmp/1 T_3.12, 6;
    %dup/vec4;
    %pushi/vec4 10, 0, 4;
    %cmp/u;
    %jmp/1 T_3.13, 6;
    %dup/vec4;
    %pushi/vec4 11, 0, 4;
    %cmp/u;
    %jmp/1 T_3.14, 6;
    %dup/vec4;
    %pushi/vec4 12, 0, 4;
    %cmp/u;
    %jmp/1 T_3.15, 6;
    %pushi/vec4 0, 0, 8;
    %assign/vec4 v0x558cfbf7ad40_0, 0;
    %jmp T_3.17;
T_3.4 ;
    %load/vec4 v0x558cfbf7b270_0;
    %pushi/vec4 5, 0, 32;
    %load/vec4 v0x558cfbf7ab60_0;
    %pad/u 32;
    %sub;
    %muli 8, 0, 32;
    %ix/vec4 4;
    %shiftr 4;
    %pad/u 8;
    %assign/vec4 v0x558cfbf7ad40_0, 0;
    %jmp T_3.17;
T_3.5 ;
    %load/vec4 v0x558cfbf7af90_0;
    %pushi/vec4 5, 0, 32;
    %load/vec4 v0x558cfbf7ab60_0;
    %pad/u 32;
    %sub;
    %muli 8, 0, 32;
    %ix/vec4 4;
    %shiftr 4;
    %pad/u 8;
    %assign/vec4 v0x558cfbf7ad40_0, 0;
    %jmp T_3.17;
T_3.6 ;
    %pushi/vec4 2054, 0, 16;
    %pushi/vec4 1, 0, 32;
    %load/vec4 v0x558cfbf7ab60_0;
    %pad/u 32;
    %sub;
    %muli 8, 0, 32;
    %ix/vec4 4;
    %shiftr 4;
    %pad/u 8;
    %assign/vec4 v0x558cfbf7ad40_0, 0;
    %jmp T_3.17;
T_3.7 ;
    %pushi/vec4 1, 0, 16;
    %pushi/vec4 1, 0, 32;
    %load/vec4 v0x558cfbf7ab60_0;
    %pad/u 32;
    %sub;
    %muli 8, 0, 32;
    %ix/vec4 4;
    %shiftr 4;
    %pad/u 8;
    %assign/vec4 v0x558cfbf7ad40_0, 0;
    %jmp T_3.17;
T_3.8 ;
    %pushi/vec4 2048, 0, 16;
    %pushi/vec4 1, 0, 32;
    %load/vec4 v0x558cfbf7ab60_0;
    %pad/u 32;
    %sub;
    %muli 8, 0, 32;
    %ix/vec4 4;
    %shiftr 4;
    %pad/u 8;
    %assign/vec4 v0x558cfbf7ad40_0, 0;
    %jmp T_3.17;
T_3.9 ;
    %pushi/vec4 6, 0, 8;
    %load/vec4 v0x558cfbf7ab60_0;
    %pad/u 32;
    %muli 8, 0, 32;
    %ix/vec4 4;
    %shiftr 4;
    %assign/vec4 v0x558cfbf7ad40_0, 0;
    %jmp T_3.17;
T_3.10 ;
    %pushi/vec4 4, 0, 8;
    %load/vec4 v0x558cfbf7ab60_0;
    %pad/u 32;
    %muli 8, 0, 32;
    %ix/vec4 4;
    %shiftr 4;
    %assign/vec4 v0x558cfbf7ad40_0, 0;
    %jmp T_3.17;
T_3.11 ;
    %pushi/vec4 2, 0, 16;
    %pushi/vec4 1, 0, 32;
    %load/vec4 v0x558cfbf7ab60_0;
    %pad/u 32;
    %sub;
    %muli 8, 0, 32;
    %ix/vec4 4;
    %shiftr 4;
    %pad/u 8;
    %assign/vec4 v0x558cfbf7ad40_0, 0;
    %jmp T_3.17;
T_3.12 ;
    %load/vec4 v0x558cfbf7af90_0;
    %pushi/vec4 5, 0, 32;
    %load/vec4 v0x558cfbf7ab60_0;
    %pad/u 32;
    %sub;
    %muli 8, 0, 32;
    %ix/vec4 4;
    %shiftr 4;
    %pad/u 8;
    %assign/vec4 v0x558cfbf7ad40_0, 0;
    %jmp T_3.17;
T_3.13 ;
    %load/vec4 v0x558cfbf7aed0_0;
    %pushi/vec4 3, 0, 32;
    %load/vec4 v0x558cfbf7ab60_0;
    %pad/u 32;
    %sub;
    %muli 8, 0, 32;
    %ix/vec4 4;
    %shiftr 4;
    %pad/u 8;
    %assign/vec4 v0x558cfbf7ad40_0, 0;
    %jmp T_3.17;
T_3.14 ;
    %load/vec4 v0x558cfbf7b270_0;
    %pushi/vec4 5, 0, 32;
    %load/vec4 v0x558cfbf7ab60_0;
    %pad/u 32;
    %sub;
    %muli 8, 0, 32;
    %ix/vec4 4;
    %shiftr 4;
    %pad/u 8;
    %assign/vec4 v0x558cfbf7ad40_0, 0;
    %jmp T_3.17;
T_3.15 ;
    %load/vec4 v0x558cfbf7b1d0_0;
    %pushi/vec4 3, 0, 32;
    %load/vec4 v0x558cfbf7ab60_0;
    %pad/u 32;
    %sub;
    %muli 8, 0, 32;
    %ix/vec4 4;
    %shiftr 4;
    %pad/u 8;
    %assign/vec4 v0x558cfbf7ad40_0, 0;
    %jmp T_3.17;
T_3.17 ;
    %pop/vec4 1;
T_3.1 ;
    %jmp T_3;
    .thread T_3;
    .scope S_0x558cfbf4fa30;
T_4 ;
    %vpi_call 2 50 "$dumpfile", "output_waveforms/output_MAC_tb.vcd" {0 0 0};
    %vpi_call 2 51 "$dumpvars", 32'sb00000000000000000000000000000000, v0x558cfbf7b620_0, v0x558cfbf7b560_0, v0x558cfbf7b8c0_0, v0x558cfbf7b820_0, v0x558cfbf7b730_0, v0x558cfbf7b350_0 {0 0 0};
    %end;
    .thread T_4;
    .scope S_0x558cfbf4fa30;
T_5 ;
    %vpi_call 2 55 "$monitor", "Time: %t, data_tx: %h, data_valid: %h, data_ack: %h", $time, v0x558cfbf7b820_0, v0x558cfbf7b8c0_0, v0x558cfbf7b730_0 {0 0 0};
    %end;
    .thread T_5;
    .scope S_0x558cfbf4fa30;
T_6 ;
    %delay 5000, 0;
    %load/vec4 v0x558cfbf7b620_0;
    %nor/r;
    %assign/vec4 v0x558cfbf7b620_0, 0;
    %jmp T_6;
    .thread T_6;
    .scope S_0x558cfbf4fa30;
T_7 ;
    %pushi/vec4 0, 0, 1;
    %assign/vec4 v0x558cfbf7b620_0, 0;
    %pushi/vec4 1, 0, 1;
    %assign/vec4 v0x558cfbf7b560_0, 0;
    %pushi/vec4 0, 0, 1;
    %assign/vec4 v0x558cfbf7b730_0, 0;
    %pushi/vec4 0, 0, 1;
    %assign/vec4 v0x558cfbf7bb20_0, 0;
    %pushi/vec4 2443359172, 0, 39;
    %concati/vec4 427, 0, 9;
    %assign/vec4 v0x558cfbf7bcb0_0, 0;
    %pushi/vec4 1431655765, 0, 32;
    %assign/vec4 v0x558cfbf7bc10_0, 0;
    %pushi/vec4 3130553940, 0, 32;
    %concati/vec4 12816, 0, 16;
    %assign/vec4 v0x558cfbf7ba50_0, 0;
    %pushi/vec4 2863311530, 0, 32;
    %assign/vec4 v0x558cfbf7b9b0_0, 0;
    %delay 20000, 0;
    %pushi/vec4 0, 0, 1;
    %assign/vec4 v0x558cfbf7b560_0, 0;
    %delay 10000, 0;
    %pushi/vec4 1, 0, 1;
    %assign/vec4 v0x558cfbf7bb20_0, 0;
    %delay 10000, 0;
    %pushi/vec4 0, 0, 1;
    %assign/vec4 v0x558cfbf7bb20_0, 0;
    %delay 30000, 0;
    %pushi/vec4 1, 0, 1;
    %assign/vec4 v0x558cfbf7b730_0, 0;
    %delay 10000, 0;
    %pushi/vec4 0, 0, 1;
    %assign/vec4 v0x558cfbf7b730_0, 0;
    %delay 500000, 0;
    %vpi_call 2 82 "$stop" {0 0 0};
    %vpi_call 2 83 "$finish" {0 0 0};
    %end;
    .thread T_7;
# The file index is used to find the file name in the following table.
:file_names 5;
    "N/A";
    "<interactive>";
    "test_benches/output_MAC_tb.v";
    "output_MAC.v";
    "blk_next_state.v";
